 Simulation of solvent flow around colloids
    Step      Temp      Etot      Ekin      Epot       P-x       P-y
    1000 0.100E+01 0.112E+06 0.112E+06 0.000E+00 0.294E+03 0.406E+04
    2000 0.100E+01 0.112E+06 0.112E+06 0.000E+00 -.154E+03 0.699E+04
    3000 0.100E+01 0.113E+06 0.113E+06 0.000E+00 0.169E+03 0.853E+04
    4000 0.100E+01 0.112E+06 0.112E+06 0.000E+00 0.405E+03 0.103E+05
    5000 0.999E+00 0.112E+06 0.112E+06 0.000E+00 0.285E+03 0.115E+05
    6000 0.100E+01 0.112E+06 0.112E+06 0.000E+00 0.962E+02 0.126E+05
    7000 0.100E+01 0.112E+06 0.112E+06 0.000E+00 0.343E+03 0.131E+05
    8000 0.999E+00 0.112E+06 0.112E+06 0.000E+00 0.252E+03 0.137E+05
    9000 0.100E+01 0.112E+06 0.112E+06 0.000E+00 0.349E+02 0.135E+05
   10000 0.999E+00 0.112E+06 0.112E+06 0.000E+00 -.232E+02 0.135E+05
   11000 0.100E+01 0.112E+06 0.112E+06 0.000E+00 0.300E+01 0.138E+05
   12000 0.999E+00 0.112E+06 0.112E+06 0.000E+00 0.654E+02 0.139E+05
   13000 0.100E+01 0.112E+06 0.112E+06 0.000E+00 0.171E+03 0.141E+05
   14000 0.100E+01 0.112E+06 0.112E+06 0.000E+00 0.177E+03 0.142E+05
   15000 0.100E+01 0.112E+06 0.112E+06 0.000E+00 -.186E+03 0.140E+05
   16000 0.100E+01 0.112E+06 0.112E+06 0.000E+00 -.316E+03 0.140E+05
   17000 0.999E+00 0.112E+06 0.112E+06 0.000E+00 -.112E+03 0.143E+05
   18000 0.998E+00 0.112E+06 0.112E+06 0.000E+00 0.488E+03 0.141E+05
   19000 0.100E+01 0.112E+06 0.112E+06 0.000E+00 0.704E+02 0.139E+05
   20000 0.100E+01 0.112E+06 0.112E+06 0.000E+00 0.903E+01 0.137E+05
   21000 0.999E+00 0.112E+06 0.112E+06 0.000E+00 0.618E+01 0.142E+05
   22000 0.100E+01 0.112E+06 0.112E+06 0.000E+00 -.199E+03 0.135E+05
   23000 0.100E+01 0.112E+06 0.112E+06 0.000E+00 -.193E+03 0.139E+05
   24000 0.100E+01 0.112E+06 0.112E+06 0.000E+00 0.288E+03 0.141E+05
   25000 0.999E+00 0.112E+06 0.112E+06 0.000E+00 0.303E+03 0.140E+05
   26000 0.100E+01 0.112E+06 0.112E+06 0.000E+00 -.145E+03 0.139E+05
   27000 0.999E+00 0.112E+06 0.112E+06 0.000E+00 0.122E+03 0.142E+05
   28000 0.100E+01 0.112E+06 0.112E+06 0.000E+00 -.317E+03 0.142E+05
   29000 0.100E+01 0.113E+06 0.113E+06 0.000E+00 -.743E+02 0.145E+05
   30000 0.100E+01 0.112E+06 0.112E+06 0.000E+00 0.419E+03 0.141E+05
   31000 0.100E+01 0.112E+06 0.112E+06 0.000E+00 -.526E+03 0.143E+05
   32000 0.100E+01 0.112E+06 0.112E+06 0.000E+00 0.254E+03 0.140E+05
   33000 0.999E+00 0.112E+06 0.112E+06 0.000E+00 0.627E+02 0.141E+05
   34000 0.999E+00 0.112E+06 0.112E+06 0.000E+00 -.250E+03 0.139E+05
   35000 0.100E+01 0.112E+06 0.112E+06 0.000E+00 0.133E+03 0.140E+05
   36000 0.100E+01 0.112E+06 0.112E+06 0.000E+00 -.944E+01 0.143E+05
   37000 0.100E+01 0.112E+06 0.112E+06 0.000E+00 0.131E+03 0.145E+05
   38000 0.100E+01 0.112E+06 0.112E+06 0.000E+00 0.369E+03 0.141E+05
   39000 0.100E+01 0.113E+06 0.113E+06 0.000E+00 0.112E+03 0.144E+05
   40000 0.100E+01 0.112E+06 0.112E+06 0.000E+00 -.395E+03 0.144E+05
   41000 0.999E+00 0.112E+06 0.112E+06 0.000E+00 0.400E+02 0.141E+05
   42000 0.999E+00 0.112E+06 0.112E+06 0.000E+00 0.525E+03 0.141E+05
   43000 0.100E+01 0.112E+06 0.112E+06 0.000E+00 -.800E+03 0.139E+05
   44000 0.998E+00 0.112E+06 0.112E+06 0.000E+00 0.310E+02 0.136E+05
   45000 0.100E+01 0.112E+06 0.112E+06 0.000E+00 -.255E+02 0.136E+05
   46000 0.100E+01 0.112E+06 0.112E+06 0.000E+00 0.249E+03 0.135E+05
   47000 0.999E+00 0.112E+06 0.112E+06 0.000E+00 -.128E+03 0.143E+05
   48000 0.100E+01 0.112E+06 0.112E+06 0.000E+00 0.151E+03 0.134E+05
   49000 0.100E+01 0.112E+06 0.112E+06 0.000E+00 0.199E+03 0.139E+05
   50000 0.100E+01 0.112E+06 0.112E+06 0.000E+00 -.578E+03 0.140E+05
   51000 0.999E+00 0.112E+06 0.112E+06 0.000E+00 0.616E+03 0.140E+05
   52000 0.100E+01 0.112E+06 0.112E+06 0.000E+00 -.539E+03 0.136E+05
   53000 0.100E+01 0.112E+06 0.112E+06 0.000E+00 -.886E+02 0.144E+05
   54000 0.100E+01 0.112E+06 0.112E+06 0.000E+00 -.380E+02 0.143E+05
   55000 0.999E+00 0.112E+06 0.112E+06 0.000E+00 0.131E+03 0.141E+05
   56000 0.100E+01 0.112E+06 0.112E+06 0.000E+00 0.136E+03 0.142E+05
   57000 0.100E+01 0.112E+06 0.112E+06 0.000E+00 -.915E+02 0.144E+05
   58000 0.999E+00 0.112E+06 0.112E+06 0.000E+00 -.111E+03 0.143E+05
   59000 0.100E+01 0.112E+06 0.112E+06 0.000E+00 0.696E+03 0.139E+05
   60000 0.999E+00 0.112E+06 0.112E+06 0.000E+00 -.623E+03 0.139E+05
   61000 0.998E+00 0.112E+06 0.112E+06 0.000E+00 0.371E+03 0.141E+05
   62000 0.100E+01 0.112E+06 0.112E+06 0.000E+00 0.332E+02 0.143E+05
   63000 0.100E+01 0.113E+06 0.113E+06 0.000E+00 -.440E+03 0.145E+05
   64000 0.999E+00 0.112E+06 0.112E+06 0.000E+00 -.222E+03 0.143E+05
   65000 0.100E+01 0.113E+06 0.113E+06 0.000E+00 -.394E+02 0.139E+05
   66000 0.100E+01 0.112E+06 0.112E+06 0.000E+00 0.251E+03 0.135E+05
   67000 0.100E+01 0.112E+06 0.112E+06 0.000E+00 0.107E+03 0.144E+05
   68000 0.100E+01 0.112E+06 0.112E+06 0.000E+00 -.213E+03 0.140E+05
   69000 0.999E+00 0.112E+06 0.112E+06 0.000E+00 0.258E+03 0.141E+05
   70000 0.100E+01 0.112E+06 0.112E+06 0.000E+00 -.511E+02 0.140E+05
   71000 0.100E+01 0.112E+06 0.112E+06 0.000E+00 -.209E+03 0.140E+05
   72000 0.100E+01 0.112E+06 0.112E+06 0.000E+00 0.442E+03 0.139E+05
   73000 0.998E+00 0.112E+06 0.112E+06 0.000E+00 0.605E+03 0.140E+05
   74000 0.998E+00 0.112E+06 0.112E+06 0.000E+00 -.259E+03 0.141E+05
   75000 0.999E+00 0.112E+06 0.112E+06 0.000E+00 -.286E+02 0.138E+05
   76000 0.999E+00 0.112E+06 0.112E+06 0.000E+00 -.274E+03 0.141E+05
   77000 0.100E+01 0.112E+06 0.112E+06 0.000E+00 0.368E+03 0.139E+05
   78000 0.100E+01 0.112E+06 0.112E+06 0.000E+00 0.621E+02 0.140E+05
   79000 0.999E+00 0.112E+06 0.112E+06 0.000E+00 0.557E+02 0.136E+05
   80000 0.100E+01 0.113E+06 0.113E+06 0.000E+00 -.149E+03 0.139E+05
   81000 0.100E+01 0.112E+06 0.112E+06 0.000E+00 0.133E+03 0.142E+05
   82000 0.100E+01 0.112E+06 0.112E+06 0.000E+00 0.386E+03 0.141E+05
   83000 0.100E+01 0.112E+06 0.112E+06 0.000E+00 -.883E+02 0.145E+05
   84000 0.100E+01 0.113E+06 0.113E+06 0.000E+00 0.266E+03 0.136E+05
   85000 0.998E+00 0.112E+06 0.112E+06 0.000E+00 -.358E+03 0.141E+05
   86000 0.100E+01 0.112E+06 0.112E+06 0.000E+00 -.301E+03 0.142E+05
   87000 0.100E+01 0.112E+06 0.112E+06 0.000E+00 0.263E+03 0.141E+05
   88000 0.998E+00 0.112E+06 0.112E+06 0.000E+00 -.480E+03 0.145E+05
   89000 0.100E+01 0.112E+06 0.112E+06 0.000E+00 0.806E+02 0.137E+05
   90000 0.100E+01 0.112E+06 0.112E+06 0.000E+00 0.165E+03 0.140E+05
   91000 0.100E+01 0.112E+06 0.112E+06 0.000E+00 0.297E+03 0.140E+05
   92000 0.100E+01 0.112E+06 0.112E+06 0.000E+00 -.211E+03 0.139E+05
   93000 0.100E+01 0.112E+06 0.112E+06 0.000E+00 0.200E+03 0.138E+05
   94000 0.100E+01 0.112E+06 0.112E+06 0.000E+00 -.349E+03 0.143E+05
   95000 0.100E+01 0.112E+06 0.112E+06 0.000E+00 0.187E+03 0.144E+05
   96000 0.100E+01 0.112E+06 0.112E+06 0.000E+00 -.833E+03 0.146E+05
   97000 0.100E+01 0.112E+06 0.112E+06 0.000E+00 0.556E+03 0.143E+05
   98000 0.997E+00 0.112E+06 0.112E+06 0.000E+00 0.898E+02 0.145E+05
   99000 0.100E+01 0.112E+06 0.112E+06 0.000E+00 -.575E+03 0.142E+05
  100000 0.998E+00 0.112E+06 0.112E+06 0.000E+00 0.646E+03 0.145E+05
  101000 0.100E+01 0.112E+06 0.112E+06 0.000E+00 -.399E+03 0.139E+05
  102000 0.999E+00 0.112E+06 0.112E+06 0.000E+00 0.239E+03 0.138E+05
  103000 0.997E+00 0.112E+06 0.112E+06 0.000E+00 0.223E+03 0.138E+05
  104000 0.100E+01 0.112E+06 0.112E+06 0.000E+00 -.472E+03 0.141E+05
  105000 0.100E+01 0.112E+06 0.112E+06 0.000E+00 0.215E+03 0.142E+05
  106000 0.100E+01 0.112E+06 0.112E+06 0.000E+00 0.312E+03 0.140E+05
  107000 0.100E+01 0.112E+06 0.112E+06 0.000E+00 -.390E+03 0.139E+05
  108000 0.100E+01 0.112E+06 0.112E+06 0.000E+00 0.267E+03 0.141E+05
  109000 0.100E+01 0.112E+06 0.112E+06 0.000E+00 -.356E+03 0.143E+05
  110000 0.998E+00 0.112E+06 0.112E+06 0.000E+00 0.313E+03 0.138E+05
  111000 0.100E+01 0.112E+06 0.112E+06 0.000E+00 0.895E+02 0.135E+05
  112000 0.998E+00 0.112E+06 0.112E+06 0.000E+00 -.551E+02 0.141E+05
  113000 0.100E+01 0.113E+06 0.113E+06 0.000E+00 0.367E+03 0.144E+05
  114000 0.100E+01 0.112E+06 0.112E+06 0.000E+00 0.869E+02 0.145E+05
  115000 0.999E+00 0.112E+06 0.112E+06 0.000E+00 -.240E+03 0.146E+05
  116000 0.100E+01 0.113E+06 0.113E+06 0.000E+00 0.175E+03 0.142E+05
  117000 0.100E+01 0.112E+06 0.112E+06 0.000E+00 0.166E+03 0.147E+05
  118000 0.999E+00 0.112E+06 0.112E+06 0.000E+00 -.133E+03 0.145E+05
  119000 0.999E+00 0.112E+06 0.112E+06 0.000E+00 0.458E+03 0.145E+05
  120000 0.100E+01 0.112E+06 0.112E+06 0.000E+00 0.301E+03 0.141E+05
  121000 0.100E+01 0.112E+06 0.112E+06 0.000E+00 -.692E+02 0.142E+05
  122000 0.100E+01 0.112E+06 0.112E+06 0.000E+00 -.146E+03 0.139E+05
  123000 0.100E+01 0.112E+06 0.112E+06 0.000E+00 0.133E+03 0.140E+05
  124000 0.100E+01 0.113E+06 0.113E+06 0.000E+00 -.662E+02 0.138E+05
  125000 0.100E+01 0.112E+06 0.112E+06 0.000E+00 0.103E+03 0.136E+05
  126000 0.100E+01 0.113E+06 0.113E+06 0.000E+00 0.242E+03 0.135E+05
  127000 0.100E+01 0.112E+06 0.112E+06 0.000E+00 0.272E+03 0.134E+05
  128000 0.999E+00 0.112E+06 0.112E+06 0.000E+00 -.755E+02 0.137E+05
  129000 0.100E+01 0.112E+06 0.112E+06 0.000E+00 -.129E+03 0.140E+05
  130000 0.100E+01 0.112E+06 0.112E+06 0.000E+00 0.103E+03 0.136E+05
  131000 0.100E+01 0.112E+06 0.112E+06 0.000E+00 -.313E+03 0.140E+05
  132000 0.998E+00 0.112E+06 0.112E+06 0.000E+00 0.255E+02 0.139E+05
  133000 0.100E+01 0.112E+06 0.112E+06 0.000E+00 -.306E+03 0.140E+05
  134000 0.999E+00 0.112E+06 0.112E+06 0.000E+00 0.258E+03 0.142E+05
  135000 0.100E+01 0.112E+06 0.112E+06 0.000E+00 -.192E+03 0.144E+05
  136000 0.100E+01 0.112E+06 0.112E+06 0.000E+00 -.647E+02 0.142E+05
  137000 0.998E+00 0.112E+06 0.112E+06 0.000E+00 0.451E+03 0.138E+05
  138000 0.100E+01 0.112E+06 0.112E+06 0.000E+00 -.620E+03 0.137E+05
  139000 0.100E+01 0.112E+06 0.112E+06 0.000E+00 0.847E+03 0.139E+05
  140000 0.100E+01 0.112E+06 0.112E+06 0.000E+00 -.276E+03 0.137E+05
  141000 0.100E+01 0.112E+06 0.112E+06 0.000E+00 -.276E+03 0.140E+05
  142000 0.100E+01 0.112E+06 0.112E+06 0.000E+00 0.360E+03 0.140E+05
  143000 0.100E+01 0.113E+06 0.113E+06 0.000E+00 -.550E+02 0.141E+05
  144000 0.100E+01 0.112E+06 0.112E+06 0.000E+00 0.762E+02 0.141E+05
  145000 0.100E+01 0.112E+06 0.112E+06 0.000E+00 0.147E+03 0.139E+05
  146000 0.100E+01 0.112E+06 0.112E+06 0.000E+00 -.589E+03 0.136E+05
  147000 0.999E+00 0.112E+06 0.112E+06 0.000E+00 0.772E+03 0.142E+05
  148000 0.100E+01 0.112E+06 0.112E+06 0.000E+00 -.653E+03 0.139E+05
  149000 0.100E+01 0.112E+06 0.112E+06 0.000E+00 0.528E+03 0.137E+05
  150000 0.100E+01 0.113E+06 0.113E+06 0.000E+00 -.610E+03 0.138E+05
  151000 0.997E+00 0.112E+06 0.112E+06 0.000E+00 0.508E+03 0.138E+05
  152000 0.100E+01 0.112E+06 0.112E+06 0.000E+00 -.121E+03 0.140E+05
  153000 0.999E+00 0.112E+06 0.112E+06 0.000E+00 0.228E+03 0.138E+05
  154000 0.100E+01 0.112E+06 0.112E+06 0.000E+00 -.265E+03 0.142E+05
  155000 0.100E+01 0.112E+06 0.112E+06 0.000E+00 0.449E+03 0.145E+05
  156000 0.100E+01 0.112E+06 0.112E+06 0.000E+00 -.545E+03 0.144E+05
  157000 0.100E+01 0.112E+06 0.112E+06 0.000E+00 0.302E+03 0.140E+05
  158000 0.100E+01 0.112E+06 0.112E+06 0.000E+00 -.199E+03 0.139E+05
  159000 0.999E+00 0.112E+06 0.112E+06 0.000E+00 -.742E+02 0.139E+05
  160000 0.100E+01 0.112E+06 0.112E+06 0.000E+00 0.204E+03 0.138E+05
  161000 0.999E+00 0.112E+06 0.112E+06 0.000E+00 0.712E+03 0.137E+05
  162000 0.100E+01 0.112E+06 0.112E+06 0.000E+00 -.434E+03 0.137E+05
  163000 0.100E+01 0.112E+06 0.112E+06 0.000E+00 0.297E+03 0.142E+05
  164000 0.999E+00 0.112E+06 0.112E+06 0.000E+00 -.372E+03 0.144E+05
  165000 0.100E+01 0.112E+06 0.112E+06 0.000E+00 -.257E+03 0.142E+05
  166000 0.100E+01 0.113E+06 0.113E+06 0.000E+00 0.275E+03 0.145E+05
  167000 0.999E+00 0.112E+06 0.112E+06 0.000E+00 -.181E+02 0.142E+05
  168000 0.999E+00 0.112E+06 0.112E+06 0.000E+00 0.556E+03 0.142E+05
  169000 0.999E+00 0.112E+06 0.112E+06 0.000E+00 -.282E+03 0.142E+05
  170000 0.100E+01 0.113E+06 0.113E+06 0.000E+00 0.401E+03 0.140E+05
  171000 0.100E+01 0.112E+06 0.112E+06 0.000E+00 0.281E+03 0.143E+05
  172000 0.100E+01 0.112E+06 0.112E+06 0.000E+00 -.161E+03 0.140E+05
  173000 0.999E+00 0.112E+06 0.112E+06 0.000E+00 -.443E+00 0.139E+05
  174000 0.999E+00 0.112E+06 0.112E+06 0.000E+00 0.315E+03 0.139E+05
  175000 0.100E+01 0.112E+06 0.112E+06 0.000E+00 -.476E+03 0.139E+05
  176000 0.100E+01 0.112E+06 0.112E+06 0.000E+00 -.520E+02 0.141E+05
  177000 0.100E+01 0.112E+06 0.112E+06 0.000E+00 -.744E+02 0.140E+05
  178000 0.999E+00 0.112E+06 0.112E+06 0.000E+00 0.761E+02 0.145E+05
  179000 0.100E+01 0.112E+06 0.112E+06 0.000E+00 0.366E+03 0.140E+05
  180000 0.100E+01 0.112E+06 0.112E+06 0.000E+00 -.888E+03 0.141E+05
  181000 0.100E+01 0.112E+06 0.112E+06 0.000E+00 -.382E+03 0.143E+05
  182000 0.100E+01 0.112E+06 0.112E+06 0.000E+00 0.214E+03 0.141E+05
  183000 0.100E+01 0.112E+06 0.112E+06 0.000E+00 0.149E+03 0.146E+05
  184000 0.100E+01 0.112E+06 0.112E+06 0.000E+00 0.677E+02 0.146E+05
  185000 0.999E+00 0.112E+06 0.112E+06 0.000E+00 0.965E+01 0.146E+05
  186000 0.100E+01 0.113E+06 0.113E+06 0.000E+00 -.606E+03 0.149E+05
  187000 0.100E+01 0.112E+06 0.112E+06 0.000E+00 0.664E+03 0.143E+05
  188000 0.996E+00 0.112E+06 0.112E+06 0.000E+00 0.859E+02 0.144E+05
  189000 0.100E+01 0.112E+06 0.112E+06 0.000E+00 0.111E+03 0.137E+05
  190000 0.999E+00 0.112E+06 0.112E+06 0.000E+00 0.257E+03 0.149E+05
  191000 0.100E+01 0.112E+06 0.112E+06 0.000E+00 -.293E+03 0.147E+05
  192000 0.100E+01 0.112E+06 0.112E+06 0.000E+00 0.758E+01 0.145E+05
  193000 0.999E+00 0.112E+06 0.112E+06 0.000E+00 -.101E+03 0.146E+05
  194000 0.999E+00 0.112E+06 0.112E+06 0.000E+00 -.576E+03 0.146E+05
  195000 0.100E+01 0.113E+06 0.113E+06 0.000E+00 0.293E+03 0.145E+05
  196000 0.100E+01 0.113E+06 0.113E+06 0.000E+00 -.711E+02 0.150E+05
  197000 0.100E+01 0.112E+06 0.112E+06 0.000E+00 0.452E+03 0.147E+05
  198000 0.100E+01 0.112E+06 0.112E+06 0.000E+00 -.433E+03 0.147E+05
  199000 0.100E+01 0.112E+06 0.112E+06 0.000E+00 0.492E+03 0.141E+05
  200000 0.100E+01 0.112E+06 0.112E+06 0.000E+00 0.541E+03 0.142E+05
  201000 0.100E+01 0.112E+06 0.112E+06 0.000E+00 -.703E+03 0.147E+05
  202000 0.100E+01 0.112E+06 0.112E+06 0.000E+00 0.601E+03 0.148E+05
  203000 0.999E+00 0.112E+06 0.112E+06 0.000E+00 0.749E+02 0.146E+05
  204000 0.999E+00 0.112E+06 0.112E+06 0.000E+00 0.857E+02 0.146E+05
  205000 0.100E+01 0.113E+06 0.113E+06 0.000E+00 0.971E+02 0.141E+05
  206000 0.100E+01 0.112E+06 0.112E+06 0.000E+00 0.313E+03 0.144E+05
  207000 0.998E+00 0.112E+06 0.112E+06 0.000E+00 -.338E+03 0.146E+05
  208000 0.100E+01 0.112E+06 0.112E+06 0.000E+00 -.157E+03 0.142E+05
  209000 0.100E+01 0.112E+06 0.112E+06 0.000E+00 0.278E+03 0.143E+05
  210000 0.100E+01 0.112E+06 0.112E+06 0.000E+00 -.300E+03 0.149E+05
  211000 0.100E+01 0.112E+06 0.112E+06 0.000E+00 -.171E+02 0.151E+05
  212000 0.100E+01 0.112E+06 0.112E+06 0.000E+00 0.282E+03 0.148E+05
  213000 0.100E+01 0.112E+06 0.112E+06 0.000E+00 -.481E+03 0.149E+05
  214000 0.999E+00 0.112E+06 0.112E+06 0.000E+00 0.245E+03 0.144E+05
  215000 0.999E+00 0.112E+06 0.112E+06 0.000E+00 -.292E+03 0.142E+05
  216000 0.100E+01 0.112E+06 0.112E+06 0.000E+00 -.534E+03 0.143E+05
  217000 0.100E+01 0.112E+06 0.112E+06 0.000E+00 0.531E+03 0.148E+05
  218000 0.100E+01 0.112E+06 0.112E+06 0.000E+00 -.221E+03 0.143E+05
  219000 0.998E+00 0.112E+06 0.112E+06 0.000E+00 -.269E+03 0.143E+05
  220000 0.100E+01 0.112E+06 0.112E+06 0.000E+00 0.537E+03 0.145E+05
  221000 0.100E+01 0.112E+06 0.112E+06 0.000E+00 -.553E+03 0.143E+05
  222000 0.100E+01 0.112E+06 0.112E+06 0.000E+00 -.403E+03 0.137E+05
  223000 0.100E+01 0.112E+06 0.112E+06 0.000E+00 0.218E+02 0.141E+05
  224000 0.100E+01 0.112E+06 0.112E+06 0.000E+00 -.264E+03 0.142E+05
  225000 0.100E+01 0.112E+06 0.112E+06 0.000E+00 -.101E+03 0.143E+05
  226000 0.999E+00 0.112E+06 0.112E+06 0.000E+00 -.680E+03 0.136E+05
  227000 0.999E+00 0.112E+06 0.112E+06 0.000E+00 0.405E+03 0.138E+05
  228000 0.100E+01 0.112E+06 0.112E+06 0.000E+00 0.400E+03 0.136E+05
  229000 0.999E+00 0.112E+06 0.112E+06 0.000E+00 -.456E+03 0.140E+05
  230000 0.100E+01 0.112E+06 0.112E+06 0.000E+00 0.699E+02 0.144E+05
  231000 0.100E+01 0.112E+06 0.112E+06 0.000E+00 0.125E+03 0.144E+05
  232000 0.100E+01 0.112E+06 0.112E+06 0.000E+00 -.281E+03 0.146E+05
  233000 0.999E+00 0.112E+06 0.112E+06 0.000E+00 -.209E+03 0.145E+05
  234000 0.100E+01 0.112E+06 0.112E+06 0.000E+00 0.521E+03 0.143E+05
  235000 0.100E+01 0.112E+06 0.112E+06 0.000E+00 -.149E+03 0.145E+05
  236000 0.100E+01 0.112E+06 0.112E+06 0.000E+00 0.148E+03 0.140E+05
  237000 0.999E+00 0.112E+06 0.112E+06 0.000E+00 -.570E+02 0.140E+05
  238000 0.999E+00 0.112E+06 0.112E+06 0.000E+00 0.346E+03 0.138E+05
  239000 0.100E+01 0.112E+06 0.112E+06 0.000E+00 -.714E+02 0.141E+05
  240000 0.999E+00 0.112E+06 0.112E+06 0.000E+00 0.254E+03 0.140E+05
  241000 0.100E+01 0.112E+06 0.112E+06 0.000E+00 0.504E+03 0.139E+05
  242000 0.999E+00 0.112E+06 0.112E+06 0.000E+00 -.744E+03 0.137E+05
  243000 0.100E+01 0.112E+06 0.112E+06 0.000E+00 0.101E+04 0.136E+05
  244000 0.100E+01 0.112E+06 0.112E+06 0.000E+00 -.161E+03 0.142E+05
  245000 0.100E+01 0.112E+06 0.112E+06 0.000E+00 -.100E+03 0.142E+05
  246000 0.100E+01 0.112E+06 0.112E+06 0.000E+00 0.975E+02 0.140E+05
  247000 0.100E+01 0.112E+06 0.112E+06 0.000E+00 0.360E+03 0.140E+05
  248000 0.997E+00 0.112E+06 0.112E+06 0.000E+00 -.541E+03 0.138E+05
  249000 0.100E+01 0.112E+06 0.112E+06 0.000E+00 0.371E+03 0.138E+05
  250000 0.999E+00 0.112E+06 0.112E+06 0.000E+00 0.299E+03 0.141E+05
  251000 0.100E+01 0.112E+06 0.112E+06 0.000E+00 0.106E+03 0.138E+05
  252000 0.100E+01 0.112E+06 0.112E+06 0.000E+00 0.265E+03 0.138E+05
  253000 0.100E+01 0.112E+06 0.112E+06 0.000E+00 0.270E+03 0.142E+05
  254000 0.998E+00 0.112E+06 0.112E+06 0.000E+00 0.925E+02 0.137E+05
  255000 0.999E+00 0.112E+06 0.112E+06 0.000E+00 -.682E+02 0.140E+05
  256000 0.100E+01 0.112E+06 0.112E+06 0.000E+00 -.136E+03 0.144E+05
  257000 0.100E+01 0.112E+06 0.112E+06 0.000E+00 -.303E+03 0.144E+05
  258000 0.998E+00 0.112E+06 0.112E+06 0.000E+00 -.137E+03 0.144E+05
  259000 0.100E+01 0.112E+06 0.112E+06 0.000E+00 0.347E+03 0.143E+05
  260000 0.999E+00 0.112E+06 0.112E+06 0.000E+00 0.184E+03 0.140E+05
  261000 0.100E+01 0.112E+06 0.112E+06 0.000E+00 0.152E+03 0.144E+05
  262000 0.100E+01 0.112E+06 0.112E+06 0.000E+00 0.251E+03 0.141E+05
  263000 0.100E+01 0.112E+06 0.112E+06 0.000E+00 -.905E+02 0.141E+05
  264000 0.100E+01 0.112E+06 0.112E+06 0.000E+00 0.221E+03 0.142E+05
  265000 0.100E+01 0.112E+06 0.112E+06 0.000E+00 0.387E+03 0.144E+05
  266000 0.999E+00 0.112E+06 0.112E+06 0.000E+00 -.252E+03 0.144E+05
  267000 0.100E+01 0.113E+06 0.113E+06 0.000E+00 0.404E+03 0.139E+05
  268000 0.100E+01 0.112E+06 0.112E+06 0.000E+00 -.554E+03 0.141E+05
  269000 0.100E+01 0.112E+06 0.112E+06 0.000E+00 0.289E+02 0.139E+05
  270000 0.100E+01 0.112E+06 0.112E+06 0.000E+00 -.210E+03 0.139E+05
  271000 0.100E+01 0.112E+06 0.112E+06 0.000E+00 0.365E+03 0.142E+05
  272000 0.100E+01 0.112E+06 0.112E+06 0.000E+00 -.468E+03 0.146E+05
  273000 0.999E+00 0.112E+06 0.112E+06 0.000E+00 0.307E+02 0.142E+05
  274000 0.100E+01 0.112E+06 0.112E+06 0.000E+00 0.318E+03 0.139E+05
  275000 0.100E+01 0.112E+06 0.112E+06 0.000E+00 0.340E+03 0.139E+05
  276000 0.100E+01 0.112E+06 0.112E+06 0.000E+00 -.770E+03 0.140E+05
  277000 0.100E+01 0.112E+06 0.112E+06 0.000E+00 0.334E+02 0.141E+05
  278000 0.100E+01 0.112E+06 0.112E+06 0.000E+00 0.674E+03 0.140E+05
  279000 0.100E+01 0.113E+06 0.113E+06 0.000E+00 -.675E+03 0.143E+05
  280000 0.998E+00 0.112E+06 0.112E+06 0.000E+00 0.947E+02 0.144E+05
  281000 0.998E+00 0.112E+06 0.112E+06 0.000E+00 -.364E+03 0.145E+05
  282000 0.100E+01 0.112E+06 0.112E+06 0.000E+00 -.122E+03 0.147E+05
  283000 0.100E+01 0.112E+06 0.112E+06 0.000E+00 0.497E+03 0.146E+05
  284000 0.998E+00 0.112E+06 0.112E+06 0.000E+00 -.318E+03 0.146E+05
  285000 0.100E+01 0.112E+06 0.112E+06 0.000E+00 0.368E+03 0.147E+05
  286000 0.999E+00 0.112E+06 0.112E+06 0.000E+00 0.141E+03 0.144E+05
  287000 0.100E+01 0.112E+06 0.112E+06 0.000E+00 0.139E+03 0.142E+05
  288000 0.100E+01 0.112E+06 0.112E+06 0.000E+00 -.221E+03 0.147E+05
  289000 0.999E+00 0.112E+06 0.112E+06 0.000E+00 0.659E+03 0.147E+05
  290000 0.100E+01 0.112E+06 0.112E+06 0.000E+00 -.101E+02 0.144E+05
  291000 0.100E+01 0.112E+06 0.112E+06 0.000E+00 0.162E+03 0.147E+05
  292000 0.100E+01 0.112E+06 0.112E+06 0.000E+00 0.401E+03 0.144E+05
  293000 0.100E+01 0.112E+06 0.112E+06 0.000E+00 0.315E+03 0.140E+05
  294000 0.100E+01 0.112E+06 0.112E+06 0.000E+00 -.142E+03 0.143E+05
  295000 0.100E+01 0.112E+06 0.112E+06 0.000E+00 -.300E+03 0.145E+05
  296000 0.100E+01 0.112E+06 0.112E+06 0.000E+00 -.590E+02 0.149E+05
  297000 0.100E+01 0.112E+06 0.112E+06 0.000E+00 -.586E+03 0.139E+05
  298000 0.100E+01 0.112E+06 0.112E+06 0.000E+00 0.692E+03 0.142E+05
  299000 0.100E+01 0.112E+06 0.112E+06 0.000E+00 -.308E+03 0.143E+05
  300000 0.100E+01 0.112E+06 0.112E+06 0.000E+00 0.297E+03 0.145E+05
  301000 0.999E+00 0.112E+06 0.112E+06 0.000E+00 0.116E+03 0.143E+05
  302000 0.100E+01 0.112E+06 0.112E+06 0.000E+00 -.732E+03 0.139E+05
  303000 0.100E+01 0.112E+06 0.112E+06 0.000E+00 -.318E+03 0.138E+05
  304000 0.100E+01 0.112E+06 0.112E+06 0.000E+00 0.169E+03 0.137E+05
  305000 0.100E+01 0.112E+06 0.112E+06 0.000E+00 -.933E+01 0.141E+05
  306000 0.100E+01 0.112E+06 0.112E+06 0.000E+00 0.193E+03 0.144E+05
  307000 0.100E+01 0.112E+06 0.112E+06 0.000E+00 -.213E+02 0.141E+05
  308000 0.999E+00 0.112E+06 0.112E+06 0.000E+00 -.550E+02 0.143E+05
  309000 0.100E+01 0.112E+06 0.112E+06 0.000E+00 0.720E+02 0.143E+05
  310000 0.100E+01 0.112E+06 0.112E+06 0.000E+00 -.309E+03 0.137E+05
  311000 0.998E+00 0.112E+06 0.112E+06 0.000E+00 -.264E+03 0.140E+05
  312000 0.100E+01 0.112E+06 0.112E+06 0.000E+00 0.238E+03 0.140E+05
  313000 0.100E+01 0.112E+06 0.112E+06 0.000E+00 0.528E+03 0.147E+05
  314000 0.999E+00 0.112E+06 0.112E+06 0.000E+00 -.438E+03 0.143E+05
  315000 0.100E+01 0.112E+06 0.112E+06 0.000E+00 0.486E+02 0.145E+05
  316000 0.999E+00 0.112E+06 0.112E+06 0.000E+00 -.150E+03 0.143E+05
  317000 0.100E+01 0.112E+06 0.112E+06 0.000E+00 0.695E+02 0.144E+05
  318000 0.997E+00 0.112E+06 0.112E+06 0.000E+00 0.597E+01 0.142E+05
  319000 0.999E+00 0.112E+06 0.112E+06 0.000E+00 -.311E+03 0.142E+05
  320000 0.100E+01 0.112E+06 0.112E+06 0.000E+00 0.345E+03 0.136E+05
  321000 0.100E+01 0.112E+06 0.112E+06 0.000E+00 -.217E+03 0.139E+05
  322000 0.997E+00 0.112E+06 0.112E+06 0.000E+00 0.354E+03 0.140E+05
  323000 0.998E+00 0.112E+06 0.112E+06 0.000E+00 -.111E+03 0.134E+05
  324000 0.999E+00 0.112E+06 0.112E+06 0.000E+00 -.421E+03 0.138E+05
  325000 0.100E+01 0.112E+06 0.112E+06 0.000E+00 0.261E+01 0.138E+05
  326000 0.100E+01 0.112E+06 0.112E+06 0.000E+00 0.254E+03 0.143E+05
  327000 0.999E+00 0.112E+06 0.112E+06 0.000E+00 -.213E+03 0.142E+05
  328000 0.100E+01 0.112E+06 0.112E+06 0.000E+00 -.224E+03 0.143E+05
  329000 0.100E+01 0.112E+06 0.112E+06 0.000E+00 0.507E+03 0.141E+05
  330000 0.100E+01 0.112E+06 0.112E+06 0.000E+00 0.409E+03 0.139E+05
  331000 0.999E+00 0.112E+06 0.112E+06 0.000E+00 0.101E+02 0.145E+05
  332000 0.100E+01 0.112E+06 0.112E+06 0.000E+00 0.140E+03 0.142E+05
  333000 0.100E+01 0.112E+06 0.112E+06 0.000E+00 -.440E+03 0.140E+05
  334000 0.100E+01 0.112E+06 0.112E+06 0.000E+00 0.266E+03 0.136E+05
  335000 0.100E+01 0.113E+06 0.113E+06 0.000E+00 -.291E+03 0.139E+05
  336000 0.100E+01 0.112E+06 0.112E+06 0.000E+00 -.292E+03 0.143E+05
  337000 0.999E+00 0.112E+06 0.112E+06 0.000E+00 0.232E+03 0.141E+05
  338000 0.100E+01 0.112E+06 0.112E+06 0.000E+00 -.307E+03 0.146E+05
  339000 0.100E+01 0.112E+06 0.112E+06 0.000E+00 0.120E+03 0.142E+05
  340000 0.998E+00 0.112E+06 0.112E+06 0.000E+00 0.231E+03 0.138E+05
  341000 0.100E+01 0.112E+06 0.112E+06 0.000E+00 -.352E+03 0.141E+05
  342000 0.100E+01 0.112E+06 0.112E+06 0.000E+00 -.179E+03 0.138E+05
  343000 0.100E+01 0.112E+06 0.112E+06 0.000E+00 -.421E+03 0.140E+05
  344000 0.998E+00 0.112E+06 0.112E+06 0.000E+00 0.235E+02 0.143E+05
  345000 0.100E+01 0.112E+06 0.112E+06 0.000E+00 0.498E+03 0.143E+05
  346000 0.100E+01 0.112E+06 0.112E+06 0.000E+00 -.164E+03 0.146E+05
  347000 0.997E+00 0.112E+06 0.112E+06 0.000E+00 0.451E+02 0.143E+05
  348000 0.100E+01 0.112E+06 0.112E+06 0.000E+00 0.246E+03 0.142E+05
  349000 0.100E+01 0.112E+06 0.112E+06 0.000E+00 0.136E+03 0.143E+05
  350000 0.100E+01 0.112E+06 0.112E+06 0.000E+00 -.147E+03 0.142E+05
  351000 0.100E+01 0.112E+06 0.112E+06 0.000E+00 0.495E+03 0.143E+05
  352000 0.100E+01 0.112E+06 0.112E+06 0.000E+00 -.667E+03 0.140E+05
  353000 0.100E+01 0.112E+06 0.112E+06 0.000E+00 0.128E+04 0.141E+05
  354000 0.100E+01 0.112E+06 0.112E+06 0.000E+00 -.853E+03 0.138E+05
  355000 0.100E+01 0.112E+06 0.112E+06 0.000E+00 -.721E+02 0.142E+05
  356000 0.100E+01 0.112E+06 0.112E+06 0.000E+00 0.274E+03 0.140E+05
  357000 0.100E+01 0.112E+06 0.112E+06 0.000E+00 -.209E+03 0.141E+05
  358000 0.100E+01 0.112E+06 0.112E+06 0.000E+00 0.320E+03 0.146E+05
  359000 0.100E+01 0.112E+06 0.112E+06 0.000E+00 -.244E+03 0.150E+05
  360000 0.100E+01 0.112E+06 0.112E+06 0.000E+00 0.180E+03 0.149E+05
  361000 0.998E+00 0.112E+06 0.112E+06 0.000E+00 -.103E+03 0.144E+05
  362000 0.999E+00 0.112E+06 0.112E+06 0.000E+00 0.351E+01 0.141E+05
  363000 0.100E+01 0.112E+06 0.112E+06 0.000E+00 0.213E+03 0.145E+05
  364000 0.100E+01 0.112E+06 0.112E+06 0.000E+00 -.119E+03 0.139E+05
  365000 0.999E+00 0.112E+06 0.112E+06 0.000E+00 -.177E+03 0.144E+05
  366000 0.100E+01 0.112E+06 0.112E+06 0.000E+00 0.267E+03 0.141E+05
  367000 0.999E+00 0.112E+06 0.112E+06 0.000E+00 -.183E+02 0.144E+05
  368000 0.100E+01 0.112E+06 0.112E+06 0.000E+00 -.312E+03 0.144E+05
  369000 0.998E+00 0.112E+06 0.112E+06 0.000E+00 0.183E+03 0.140E+05
  370000 0.100E+01 0.112E+06 0.112E+06 0.000E+00 0.498E+03 0.141E+05
  371000 0.100E+01 0.112E+06 0.112E+06 0.000E+00 -.481E+03 0.146E+05
  372000 0.999E+00 0.112E+06 0.112E+06 0.000E+00 0.492E+03 0.143E+05
  373000 0.100E+01 0.112E+06 0.112E+06 0.000E+00 -.424E+03 0.141E+05
  374000 0.999E+00 0.112E+06 0.112E+06 0.000E+00 0.344E+02 0.141E+05
  375000 0.999E+00 0.112E+06 0.112E+06 0.000E+00 -.265E+03 0.143E+05
  376000 0.100E+01 0.112E+06 0.112E+06 0.000E+00 0.187E+03 0.143E+05
  377000 0.999E+00 0.112E+06 0.112E+06 0.000E+00 0.133E+03 0.138E+05
  378000 0.100E+01 0.112E+06 0.112E+06 0.000E+00 0.214E+03 0.142E+05
  379000 0.100E+01 0.112E+06 0.112E+06 0.000E+00 -.249E+02 0.148E+05
  380000 0.100E+01 0.112E+06 0.112E+06 0.000E+00 -.588E+02 0.139E+05
  381000 0.100E+01 0.112E+06 0.112E+06 0.000E+00 -.269E+03 0.137E+05
  382000 0.100E+01 0.112E+06 0.112E+06 0.000E+00 0.461E+03 0.139E+05
  383000 0.100E+01 0.112E+06 0.112E+06 0.000E+00 0.312E+03 0.139E+05
  384000 0.100E+01 0.112E+06 0.112E+06 0.000E+00 0.216E+03 0.141E+05
  385000 0.100E+01 0.112E+06 0.112E+06 0.000E+00 0.153E+02 0.142E+05
  386000 0.100E+01 0.112E+06 0.112E+06 0.000E+00 -.176E+03 0.144E+05
  387000 0.100E+01 0.112E+06 0.112E+06 0.000E+00 -.512E+02 0.141E+05
  388000 0.997E+00 0.112E+06 0.112E+06 0.000E+00 0.676E+02 0.147E+05
  389000 0.999E+00 0.112E+06 0.112E+06 0.000E+00 -.416E+03 0.145E+05
  390000 0.100E+01 0.112E+06 0.112E+06 0.000E+00 0.502E+03 0.142E+05
  391000 0.999E+00 0.112E+06 0.112E+06 0.000E+00 -.279E+03 0.140E+05
  392000 0.999E+00 0.112E+06 0.112E+06 0.000E+00 0.162E+03 0.141E+05
  393000 0.100E+01 0.112E+06 0.112E+06 0.000E+00 -.184E+03 0.141E+05
  394000 0.100E+01 0.112E+06 0.112E+06 0.000E+00 -.849E+03 0.141E+05
  395000 0.100E+01 0.112E+06 0.112E+06 0.000E+00 0.360E+03 0.143E+05
  396000 0.100E+01 0.112E+06 0.112E+06 0.000E+00 -.837E+02 0.141E+05
  397000 0.100E+01 0.112E+06 0.112E+06 0.000E+00 -.766E+03 0.140E+05
  398000 0.100E+01 0.112E+06 0.112E+06 0.000E+00 0.761E+03 0.135E+05
  399000 0.100E+01 0.112E+06 0.112E+06 0.000E+00 -.365E+02 0.141E+05
  400000 0.999E+00 0.112E+06 0.112E+06 0.000E+00 0.170E+03 0.140E+05
  401000 0.998E+00 0.112E+06 0.112E+06 0.000E+00 0.366E+03 0.141E+05
  402000 0.100E+01 0.112E+06 0.112E+06 0.000E+00 -.350E+03 0.139E+05
  403000 0.100E+01 0.112E+06 0.112E+06 0.000E+00 0.336E+03 0.141E+05
  404000 0.100E+01 0.112E+06 0.112E+06 0.000E+00 0.605E+01 0.138E+05
  405000 0.100E+01 0.112E+06 0.112E+06 0.000E+00 0.108E+03 0.142E+05
  406000 0.100E+01 0.112E+06 0.112E+06 0.000E+00 -.571E+01 0.144E+05
  407000 0.100E+01 0.112E+06 0.112E+06 0.000E+00 -.577E+03 0.148E+05
  408000 0.100E+01 0.112E+06 0.112E+06 0.000E+00 0.323E+03 0.142E+05
  409000 0.100E+01 0.112E+06 0.112E+06 0.000E+00 0.654E+03 0.141E+05
  410000 0.100E+01 0.112E+06 0.112E+06 0.000E+00 -.310E+03 0.141E+05
  411000 0.998E+00 0.112E+06 0.112E+06 0.000E+00 -.373E+03 0.143E+05
  412000 0.999E+00 0.112E+06 0.112E+06 0.000E+00 0.171E+03 0.145E+05
  413000 0.999E+00 0.112E+06 0.112E+06 0.000E+00 0.226E+03 0.146E+05
  414000 0.999E+00 0.112E+06 0.112E+06 0.000E+00 0.782E+02 0.144E+05
  415000 0.999E+00 0.112E+06 0.112E+06 0.000E+00 0.411E+03 0.145E+05
  416000 0.999E+00 0.112E+06 0.112E+06 0.000E+00 -.659E+03 0.148E+05
  417000 0.100E+01 0.112E+06 0.112E+06 0.000E+00 0.339E+03 0.148E+05
  418000 0.100E+01 0.112E+06 0.112E+06 0.000E+00 -.479E+03 0.146E+05
  419000 0.100E+01 0.112E+06 0.112E+06 0.000E+00 -.301E+03 0.150E+05
  420000 0.999E+00 0.112E+06 0.112E+06 0.000E+00 0.313E+01 0.143E+05
  421000 0.100E+01 0.112E+06 0.112E+06 0.000E+00 -.302E+02 0.142E+05
  422000 0.999E+00 0.112E+06 0.112E+06 0.000E+00 -.307E+03 0.143E+05
  423000 0.100E+01 0.112E+06 0.112E+06 0.000E+00 0.506E+02 0.141E+05
  424000 0.100E+01 0.112E+06 0.112E+06 0.000E+00 -.168E+03 0.144E+05
  425000 0.999E+00 0.112E+06 0.112E+06 0.000E+00 -.315E+03 0.144E+05
  426000 0.100E+01 0.113E+06 0.113E+06 0.000E+00 -.154E+02 0.143E+05
  427000 0.999E+00 0.112E+06 0.112E+06 0.000E+00 -.944E+02 0.137E+05
  428000 0.100E+01 0.112E+06 0.112E+06 0.000E+00 -.296E+03 0.143E+05
  429000 0.100E+01 0.112E+06 0.112E+06 0.000E+00 -.135E+03 0.140E+05
  430000 0.100E+01 0.112E+06 0.112E+06 0.000E+00 0.183E+03 0.136E+05
  431000 0.100E+01 0.112E+06 0.112E+06 0.000E+00 0.413E+03 0.140E+05
  432000 0.100E+01 0.112E+06 0.112E+06 0.000E+00 -.546E+03 0.143E+05
  433000 0.998E+00 0.112E+06 0.112E+06 0.000E+00 0.683E+03 0.140E+05
  434000 0.100E+01 0.112E+06 0.112E+06 0.000E+00 -.566E+03 0.145E+05
  435000 0.100E+01 0.113E+06 0.113E+06 0.000E+00 -.187E+03 0.142E+05
  436000 0.999E+00 0.112E+06 0.112E+06 0.000E+00 0.634E+03 0.141E+05
  437000 0.999E+00 0.112E+06 0.112E+06 0.000E+00 -.222E+03 0.140E+05
  438000 0.999E+00 0.112E+06 0.112E+06 0.000E+00 -.396E+02 0.141E+05
  439000 0.100E+01 0.112E+06 0.112E+06 0.000E+00 -.419E+02 0.143E+05
  440000 0.999E+00 0.112E+06 0.112E+06 0.000E+00 0.190E+03 0.141E+05
  441000 0.999E+00 0.112E+06 0.112E+06 0.000E+00 0.213E+03 0.142E+05
  442000 0.100E+01 0.112E+06 0.112E+06 0.000E+00 0.199E+03 0.139E+05
  443000 0.999E+00 0.112E+06 0.112E+06 0.000E+00 -.585E+03 0.138E+05
  444000 0.997E+00 0.112E+06 0.112E+06 0.000E+00 0.202E+03 0.141E+05
  445000 0.100E+01 0.112E+06 0.112E+06 0.000E+00 0.481E+03 0.142E+05
  446000 0.100E+01 0.112E+06 0.112E+06 0.000E+00 -.404E+03 0.140E+05
  447000 0.999E+00 0.112E+06 0.112E+06 0.000E+00 -.486E+02 0.137E+05
  448000 0.100E+01 0.112E+06 0.112E+06 0.000E+00 -.640E+02 0.142E+05
  449000 0.999E+00 0.112E+06 0.112E+06 0.000E+00 -.272E+03 0.145E+05
  450000 0.998E+00 0.112E+06 0.112E+06 0.000E+00 0.593E+03 0.145E+05
  451000 0.100E+01 0.112E+06 0.112E+06 0.000E+00 -.379E+03 0.145E+05
  452000 0.100E+01 0.112E+06 0.112E+06 0.000E+00 0.120E+03 0.146E+05
  453000 0.998E+00 0.112E+06 0.112E+06 0.000E+00 -.129E+03 0.146E+05
  454000 0.100E+01 0.112E+06 0.112E+06 0.000E+00 -.366E+03 0.147E+05
  455000 0.100E+01 0.112E+06 0.112E+06 0.000E+00 0.127E+02 0.138E+05
  456000 0.100E+01 0.112E+06 0.112E+06 0.000E+00 0.290E+03 0.138E+05
  457000 0.100E+01 0.112E+06 0.112E+06 0.000E+00 -.261E+03 0.135E+05
  458000 0.999E+00 0.112E+06 0.112E+06 0.000E+00 0.767E+03 0.136E+05
  459000 0.100E+01 0.112E+06 0.112E+06 0.000E+00 -.114E+03 0.136E+05
  460000 0.100E+01 0.112E+06 0.112E+06 0.000E+00 -.247E+03 0.138E+05
  461000 0.100E+01 0.112E+06 0.112E+06 0.000E+00 0.527E+03 0.139E+05
  462000 0.100E+01 0.112E+06 0.112E+06 0.000E+00 -.144E+03 0.140E+05
  463000 0.100E+01 0.112E+06 0.112E+06 0.000E+00 0.275E+03 0.141E+05
  464000 0.999E+00 0.112E+06 0.112E+06 0.000E+00 -.365E+03 0.135E+05
  465000 0.100E+01 0.112E+06 0.112E+06 0.000E+00 0.244E+03 0.135E+05
  466000 0.100E+01 0.112E+06 0.112E+06 0.000E+00 0.226E+03 0.139E+05
  467000 0.100E+01 0.112E+06 0.112E+06 0.000E+00 -.303E+03 0.140E+05
  468000 0.100E+01 0.112E+06 0.112E+06 0.000E+00 0.561E+03 0.142E+05
  469000 0.100E+01 0.112E+06 0.112E+06 0.000E+00 -.488E+03 0.143E+05
  470000 0.999E+00 0.112E+06 0.112E+06 0.000E+00 -.273E+03 0.142E+05
  471000 0.100E+01 0.112E+06 0.112E+06 0.000E+00 0.442E+03 0.141E+05
  472000 0.100E+01 0.112E+06 0.112E+06 0.000E+00 -.396E+03 0.137E+05
  473000 0.999E+00 0.112E+06 0.112E+06 0.000E+00 -.398E+03 0.133E+05
  474000 0.100E+01 0.112E+06 0.112E+06 0.000E+00 0.219E+03 0.140E+05
  475000 0.998E+00 0.112E+06 0.112E+06 0.000E+00 -.560E+03 0.146E+05
  476000 0.999E+00 0.112E+06 0.112E+06 0.000E+00 -.756E+02 0.142E+05
  477000 0.100E+01 0.112E+06 0.112E+06 0.000E+00 0.496E+03 0.145E+05
  478000 0.100E+01 0.112E+06 0.112E+06 0.000E+00 -.650E+03 0.144E+05
  479000 0.100E+01 0.112E+06 0.112E+06 0.000E+00 0.813E+03 0.143E+05
  480000 0.999E+00 0.112E+06 0.112E+06 0.000E+00 -.538E+03 0.143E+05
  481000 0.999E+00 0.112E+06 0.112E+06 0.000E+00 0.519E+03 0.144E+05
  482000 0.100E+01 0.112E+06 0.112E+06 0.000E+00 -.227E+03 0.143E+05
  483000 0.100E+01 0.112E+06 0.112E+06 0.000E+00 -.118E+03 0.141E+05
  484000 0.100E+01 0.112E+06 0.112E+06 0.000E+00 -.448E+03 0.140E+05
  485000 0.100E+01 0.112E+06 0.112E+06 0.000E+00 0.615E+03 0.138E+05
  486000 0.100E+01 0.112E+06 0.112E+06 0.000E+00 -.375E+03 0.136E+05
  487000 0.999E+00 0.112E+06 0.112E+06 0.000E+00 -.424E+02 0.139E+05
  488000 0.100E+01 0.112E+06 0.112E+06 0.000E+00 0.197E+03 0.139E+05
  489000 0.999E+00 0.112E+06 0.112E+06 0.000E+00 0.241E+02 0.141E+05
  490000 0.999E+00 0.112E+06 0.112E+06 0.000E+00 -.205E+03 0.141E+05
  491000 0.999E+00 0.112E+06 0.112E+06 0.000E+00 -.548E+02 0.141E+05
  492000 0.100E+01 0.112E+06 0.112E+06 0.000E+00 -.262E+03 0.140E+05
  493000 0.100E+01 0.112E+06 0.112E+06 0.000E+00 -.930E+02 0.144E+05
  494000 0.100E+01 0.112E+06 0.112E+06 0.000E+00 0.357E+02 0.142E+05
  495000 0.999E+00 0.112E+06 0.112E+06 0.000E+00 0.226E+03 0.143E+05
  496000 0.100E+01 0.112E+06 0.112E+06 0.000E+00 0.113E+03 0.141E+05
  497000 0.100E+01 0.112E+06 0.112E+06 0.000E+00 0.569E+02 0.143E+05
  498000 0.999E+00 0.112E+06 0.112E+06 0.000E+00 -.472E+03 0.142E+05
  499000 0.100E+01 0.112E+06 0.112E+06 0.000E+00 -.690E+02 0.138E+05
  500000 0.998E+00 0.112E+06 0.112E+06 0.000E+00 0.563E+03 0.138E+05
  501000 0.999E+00 0.112E+06 0.112E+06 0.000E+00 -.932E+02 0.140E+05
  502000 0.100E+01 0.112E+06 0.112E+06 0.000E+00 -.311E+02 0.140E+05
  503000 0.100E+01 0.113E+06 0.113E+06 0.000E+00 -.605E+03 0.146E+05
  504000 0.100E+01 0.112E+06 0.112E+06 0.000E+00 -.312E+03 0.147E+05
  505000 0.995E+00 0.112E+06 0.112E+06 0.000E+00 0.567E+03 0.142E+05
  506000 0.999E+00 0.112E+06 0.112E+06 0.000E+00 -.459E+03 0.137E+05
  507000 0.100E+01 0.112E+06 0.112E+06 0.000E+00 0.466E+03 0.139E+05
  508000 0.100E+01 0.112E+06 0.112E+06 0.000E+00 -.389E+03 0.138E+05
  509000 0.100E+01 0.112E+06 0.112E+06 0.000E+00 0.274E+03 0.137E+05
  510000 0.999E+00 0.112E+06 0.112E+06 0.000E+00 -.485E+03 0.139E+05
  511000 0.998E+00 0.112E+06 0.112E+06 0.000E+00 0.543E+03 0.142E+05
  512000 0.100E+01 0.112E+06 0.112E+06 0.000E+00 -.793E+03 0.141E+05
  513000 0.998E+00 0.112E+06 0.112E+06 0.000E+00 -.179E+03 0.142E+05
  514000 0.997E+00 0.112E+06 0.112E+06 0.000E+00 0.148E+03 0.142E+05
  515000 0.997E+00 0.112E+06 0.112E+06 0.000E+00 -.273E+03 0.142E+05
  516000 0.100E+01 0.112E+06 0.112E+06 0.000E+00 0.785E+02 0.146E+05
  517000 0.100E+01 0.112E+06 0.112E+06 0.000E+00 -.167E+03 0.140E+05
  518000 0.100E+01 0.112E+06 0.112E+06 0.000E+00 -.140E+03 0.139E+05
  519000 0.999E+00 0.112E+06 0.112E+06 0.000E+00 0.170E+02 0.139E+05
  520000 0.999E+00 0.112E+06 0.112E+06 0.000E+00 0.512E+03 0.132E+05
  521000 0.998E+00 0.112E+06 0.112E+06 0.000E+00 -.273E+03 0.129E+05
  522000 0.100E+01 0.112E+06 0.112E+06 0.000E+00 0.338E+03 0.138E+05
  523000 0.998E+00 0.112E+06 0.112E+06 0.000E+00 -.600E+02 0.137E+05
  524000 0.999E+00 0.112E+06 0.112E+06 0.000E+00 -.434E+03 0.139E+05
  525000 0.100E+01 0.112E+06 0.112E+06 0.000E+00 0.246E+03 0.140E+05
  526000 0.100E+01 0.112E+06 0.112E+06 0.000E+00 0.244E+03 0.137E+05
  527000 0.999E+00 0.112E+06 0.112E+06 0.000E+00 -.760E+02 0.137E+05
  528000 0.999E+00 0.112E+06 0.112E+06 0.000E+00 0.340E+03 0.142E+05
  529000 0.100E+01 0.112E+06 0.112E+06 0.000E+00 -.180E+03 0.143E+05
  530000 0.998E+00 0.112E+06 0.112E+06 0.000E+00 0.160E+03 0.146E+05
  531000 0.998E+00 0.112E+06 0.112E+06 0.000E+00 0.419E+03 0.146E+05
  532000 0.100E+01 0.112E+06 0.112E+06 0.000E+00 -.280E+03 0.140E+05
  533000 0.999E+00 0.112E+06 0.112E+06 0.000E+00 -.514E+03 0.141E+05
  534000 0.999E+00 0.112E+06 0.112E+06 0.000E+00 0.568E+03 0.147E+05
  535000 0.100E+01 0.112E+06 0.112E+06 0.000E+00 -.792E+03 0.147E+05
  536000 0.100E+01 0.112E+06 0.112E+06 0.000E+00 0.599E+02 0.151E+05
  537000 0.100E+01 0.112E+06 0.112E+06 0.000E+00 0.648E+03 0.144E+05
  538000 0.100E+01 0.112E+06 0.112E+06 0.000E+00 -.339E+03 0.145E+05
  539000 0.999E+00 0.112E+06 0.112E+06 0.000E+00 0.462E+03 0.143E+05
  540000 0.100E+01 0.112E+06 0.112E+06 0.000E+00 -.153E+02 0.145E+05
  541000 0.100E+01 0.112E+06 0.112E+06 0.000E+00 0.197E+03 0.142E+05
  542000 0.100E+01 0.112E+06 0.112E+06 0.000E+00 0.165E+03 0.139E+05
  543000 0.998E+00 0.112E+06 0.112E+06 0.000E+00 -.404E+03 0.139E+05
  544000 0.100E+01 0.112E+06 0.112E+06 0.000E+00 -.233E+03 0.143E+05
  545000 0.998E+00 0.112E+06 0.112E+06 0.000E+00 -.507E+03 0.144E+05
  546000 0.998E+00 0.112E+06 0.112E+06 0.000E+00 0.109E+03 0.139E+05
  547000 0.100E+01 0.112E+06 0.112E+06 0.000E+00 0.322E+03 0.145E+05
  548000 0.999E+00 0.112E+06 0.112E+06 0.000E+00 -.104E+03 0.145E+05
  549000 0.999E+00 0.112E+06 0.112E+06 0.000E+00 -.315E+03 0.141E+05
  550000 0.100E+01 0.112E+06 0.112E+06 0.000E+00 0.156E+03 0.142E+05
  551000 0.100E+01 0.112E+06 0.112E+06 0.000E+00 -.650E+03 0.141E+05
  552000 0.999E+00 0.112E+06 0.112E+06 0.000E+00 0.846E+03 0.136E+05
  553000 0.100E+01 0.112E+06 0.112E+06 0.000E+00 -.233E+03 0.134E+05
  554000 0.100E+01 0.112E+06 0.112E+06 0.000E+00 0.286E+03 0.136E+05
  555000 0.100E+01 0.112E+06 0.112E+06 0.000E+00 0.329E+03 0.141E+05
  556000 0.100E+01 0.112E+06 0.112E+06 0.000E+00 -.101E+03 0.146E+05
  557000 0.100E+01 0.112E+06 0.112E+06 0.000E+00 0.594E+03 0.144E+05
  558000 0.100E+01 0.113E+06 0.113E+06 0.000E+00 -.319E+03 0.146E+05
  559000 0.100E+01 0.112E+06 0.112E+06 0.000E+00 0.214E+03 0.144E+05
  560000 0.100E+01 0.112E+06 0.112E+06 0.000E+00 -.171E+03 0.140E+05
  561000 0.100E+01 0.112E+06 0.112E+06 0.000E+00 -.750E+03 0.144E+05
  562000 0.998E+00 0.112E+06 0.112E+06 0.000E+00 0.209E+03 0.142E+05
  563000 0.999E+00 0.112E+06 0.112E+06 0.000E+00 0.128E+03 0.143E+05
  564000 0.999E+00 0.112E+06 0.112E+06 0.000E+00 -.490E+03 0.144E+05
  565000 0.999E+00 0.112E+06 0.112E+06 0.000E+00 0.214E+03 0.143E+05
  566000 0.100E+01 0.112E+06 0.112E+06 0.000E+00 -.161E+03 0.137E+05
  567000 0.100E+01 0.112E+06 0.112E+06 0.000E+00 0.408E+03 0.144E+05
  568000 0.999E+00 0.112E+06 0.112E+06 0.000E+00 0.383E+03 0.146E+05
  569000 0.100E+01 0.112E+06 0.112E+06 0.000E+00 -.178E+03 0.144E+05
  570000 0.100E+01 0.112E+06 0.112E+06 0.000E+00 0.257E+03 0.145E+05
  571000 0.100E+01 0.112E+06 0.112E+06 0.000E+00 0.160E+03 0.141E+05
  572000 0.100E+01 0.112E+06 0.112E+06 0.000E+00 -.288E+03 0.142E+05
  573000 0.999E+00 0.112E+06 0.112E+06 0.000E+00 0.623E+02 0.142E+05
  574000 0.999E+00 0.112E+06 0.112E+06 0.000E+00 0.212E+03 0.140E+05
  575000 0.100E+01 0.112E+06 0.112E+06 0.000E+00 -.629E+03 0.134E+05
  576000 0.998E+00 0.112E+06 0.112E+06 0.000E+00 0.152E+03 0.140E+05
  577000 0.100E+01 0.112E+06 0.112E+06 0.000E+00 0.957E+02 0.144E+05
  578000 0.998E+00 0.112E+06 0.112E+06 0.000E+00 0.491E+02 0.138E+05
  579000 0.999E+00 0.112E+06 0.112E+06 0.000E+00 -.196E+03 0.143E+05
  580000 0.100E+01 0.112E+06 0.112E+06 0.000E+00 -.154E+03 0.144E+05
  581000 0.100E+01 0.112E+06 0.112E+06 0.000E+00 0.231E+03 0.142E+05
  582000 0.100E+01 0.112E+06 0.112E+06 0.000E+00 -.415E+03 0.141E+05
  583000 0.100E+01 0.112E+06 0.112E+06 0.000E+00 0.386E+02 0.138E+05
  584000 0.100E+01 0.112E+06 0.112E+06 0.000E+00 -.728E+03 0.139E+05
  585000 0.999E+00 0.112E+06 0.112E+06 0.000E+00 0.500E+03 0.137E+05
  586000 0.999E+00 0.112E+06 0.112E+06 0.000E+00 0.106E+03 0.140E+05
  587000 0.998E+00 0.112E+06 0.112E+06 0.000E+00 -.617E+03 0.141E+05
  588000 0.100E+01 0.112E+06 0.112E+06 0.000E+00 0.316E+02 0.143E+05
  589000 0.100E+01 0.112E+06 0.112E+06 0.000E+00 -.174E+03 0.142E+05
  590000 0.100E+01 0.112E+06 0.112E+06 0.000E+00 -.155E+03 0.145E+05
  591000 0.100E+01 0.112E+06 0.112E+06 0.000E+00 -.211E+03 0.142E+05
  592000 0.999E+00 0.112E+06 0.112E+06 0.000E+00 -.374E+02 0.139E+05
  593000 0.998E+00 0.112E+06 0.112E+06 0.000E+00 -.704E+02 0.144E+05
  594000 0.100E+01 0.112E+06 0.112E+06 0.000E+00 -.232E+03 0.143E+05
  595000 0.999E+00 0.112E+06 0.112E+06 0.000E+00 -.545E+03 0.147E+05
  596000 0.100E+01 0.112E+06 0.112E+06 0.000E+00 0.457E+03 0.141E+05
  597000 0.100E+01 0.112E+06 0.112E+06 0.000E+00 0.224E+03 0.141E+05
  598000 0.100E+01 0.112E+06 0.112E+06 0.000E+00 -.590E+03 0.146E+05
  599000 0.999E+00 0.112E+06 0.112E+06 0.000E+00 0.469E+03 0.146E+05
  600000 0.998E+00 0.112E+06 0.112E+06 0.000E+00 -.422E+03 0.144E+05
  601000 0.100E+01 0.112E+06 0.112E+06 0.000E+00 -.119E+03 0.144E+05
  602000 0.999E+00 0.112E+06 0.112E+06 0.000E+00 -.189E+03 0.143E+05
  603000 0.100E+01 0.112E+06 0.112E+06 0.000E+00 0.752E+02 0.138E+05
  604000 0.100E+01 0.112E+06 0.112E+06 0.000E+00 0.406E+03 0.143E+05
  605000 0.997E+00 0.112E+06 0.112E+06 0.000E+00 -.789E+01 0.143E+05
  606000 0.999E+00 0.112E+06 0.112E+06 0.000E+00 0.213E+03 0.142E+05
  607000 0.999E+00 0.112E+06 0.112E+06 0.000E+00 0.604E+03 0.140E+05
  608000 0.100E+01 0.112E+06 0.112E+06 0.000E+00 0.619E+02 0.141E+05
  609000 0.100E+01 0.112E+06 0.112E+06 0.000E+00 0.207E+03 0.143E+05
  610000 0.100E+01 0.112E+06 0.112E+06 0.000E+00 0.233E+03 0.140E+05
  611000 0.100E+01 0.112E+06 0.112E+06 0.000E+00 -.422E+02 0.141E+05
  612000 0.998E+00 0.112E+06 0.112E+06 0.000E+00 -.144E+03 0.139E+05
  613000 0.998E+00 0.112E+06 0.112E+06 0.000E+00 0.833E+02 0.142E+05
  614000 0.100E+01 0.112E+06 0.112E+06 0.000E+00 -.330E+03 0.142E+05
  615000 0.999E+00 0.112E+06 0.112E+06 0.000E+00 -.230E+03 0.140E+05
  616000 0.100E+01 0.112E+06 0.112E+06 0.000E+00 -.803E+02 0.143E+05
  617000 0.100E+01 0.112E+06 0.112E+06 0.000E+00 -.487E+03 0.145E+05
  618000 0.100E+01 0.113E+06 0.113E+06 0.000E+00 -.147E+03 0.139E+05
  619000 0.100E+01 0.112E+06 0.112E+06 0.000E+00 0.288E+02 0.139E+05
  620000 0.999E+00 0.112E+06 0.112E+06 0.000E+00 0.503E+02 0.139E+05
  621000 0.100E+01 0.112E+06 0.112E+06 0.000E+00 0.839E+03 0.137E+05
  622000 0.999E+00 0.112E+06 0.112E+06 0.000E+00 -.526E+03 0.138E+05
  623000 0.100E+01 0.113E+06 0.113E+06 0.000E+00 -.237E+03 0.140E+05
  624000 0.100E+01 0.112E+06 0.112E+06 0.000E+00 0.333E+03 0.139E+05
  625000 0.100E+01 0.112E+06 0.112E+06 0.000E+00 -.355E+03 0.145E+05
  626000 0.998E+00 0.112E+06 0.112E+06 0.000E+00 0.534E+03 0.143E+05
  627000 0.100E+01 0.112E+06 0.112E+06 0.000E+00 -.562E+03 0.142E+05
  628000 0.997E+00 0.112E+06 0.112E+06 0.000E+00 -.608E+03 0.145E+05
  629000 0.100E+01 0.112E+06 0.112E+06 0.000E+00 0.464E+03 0.146E+05
  630000 0.998E+00 0.112E+06 0.112E+06 0.000E+00 0.926E+02 0.142E+05
  631000 0.100E+01 0.112E+06 0.112E+06 0.000E+00 -.482E+02 0.146E+05
  632000 0.100E+01 0.112E+06 0.112E+06 0.000E+00 0.856E+03 0.147E+05
  633000 0.100E+01 0.112E+06 0.112E+06 0.000E+00 -.748E+03 0.145E+05
  634000 0.100E+01 0.112E+06 0.112E+06 0.000E+00 0.768E+03 0.144E+05
  635000 0.100E+01 0.112E+06 0.112E+06 0.000E+00 0.121E+02 0.150E+05
  636000 0.100E+01 0.112E+06 0.112E+06 0.000E+00 0.102E+03 0.141E+05
  637000 0.100E+01 0.112E+06 0.112E+06 0.000E+00 -.714E+03 0.144E+05
  638000 0.100E+01 0.112E+06 0.112E+06 0.000E+00 -.114E+03 0.144E+05
  639000 0.999E+00 0.112E+06 0.112E+06 0.000E+00 0.287E+03 0.144E+05
  640000 0.999E+00 0.112E+06 0.112E+06 0.000E+00 -.506E+03 0.144E+05
  641000 0.100E+01 0.112E+06 0.112E+06 0.000E+00 0.146E+03 0.145E+05
  642000 0.100E+01 0.112E+06 0.112E+06 0.000E+00 0.178E+03 0.145E+05
  643000 0.100E+01 0.112E+06 0.112E+06 0.000E+00 0.795E+02 0.144E+05
  644000 0.100E+01 0.112E+06 0.112E+06 0.000E+00 0.345E+02 0.147E+05
  645000 0.999E+00 0.112E+06 0.112E+06 0.000E+00 -.721E+02 0.143E+05
  646000 0.100E+01 0.112E+06 0.112E+06 0.000E+00 -.318E+02 0.144E+05
  647000 0.998E+00 0.112E+06 0.112E+06 0.000E+00 -.267E+03 0.141E+05
  648000 0.100E+01 0.112E+06 0.112E+06 0.000E+00 0.122E+03 0.148E+05
  649000 0.100E+01 0.112E+06 0.112E+06 0.000E+00 -.675E+03 0.144E+05
  650000 0.100E+01 0.112E+06 0.112E+06 0.000E+00 0.405E+03 0.146E+05
  651000 0.100E+01 0.112E+06 0.112E+06 0.000E+00 0.385E+03 0.143E+05
  652000 0.999E+00 0.112E+06 0.112E+06 0.000E+00 -.186E+03 0.142E+05
  653000 0.100E+01 0.112E+06 0.112E+06 0.000E+00 0.915E+02 0.145E+05
  654000 0.999E+00 0.112E+06 0.112E+06 0.000E+00 0.390E+03 0.145E+05
  655000 0.100E+01 0.112E+06 0.112E+06 0.000E+00 -.906E+03 0.147E+05
  656000 0.100E+01 0.112E+06 0.112E+06 0.000E+00 0.485E+03 0.143E+05
  657000 0.100E+01 0.112E+06 0.112E+06 0.000E+00 0.313E+02 0.140E+05
  658000 0.999E+00 0.112E+06 0.112E+06 0.000E+00 -.265E+03 0.142E+05
  659000 0.100E+01 0.112E+06 0.112E+06 0.000E+00 0.471E+03 0.145E+05
  660000 0.100E+01 0.112E+06 0.112E+06 0.000E+00 0.137E+03 0.145E+05
  661000 0.100E+01 0.112E+06 0.112E+06 0.000E+00 -.137E+03 0.146E+05
  662000 0.100E+01 0.112E+06 0.112E+06 0.000E+00 -.383E+03 0.146E+05
  663000 0.100E+01 0.112E+06 0.112E+06 0.000E+00 0.101E+03 0.146E+05
  664000 0.999E+00 0.112E+06 0.112E+06 0.000E+00 0.213E+03 0.143E+05
  665000 0.100E+01 0.112E+06 0.112E+06 0.000E+00 0.486E+01 0.146E+05
  666000 0.100E+01 0.112E+06 0.112E+06 0.000E+00 0.193E+03 0.150E+05
  667000 0.100E+01 0.112E+06 0.112E+06 0.000E+00 -.431E+03 0.152E+05
  668000 0.999E+00 0.112E+06 0.112E+06 0.000E+00 -.168E+01 0.147E+05
  669000 0.998E+00 0.112E+06 0.112E+06 0.000E+00 0.321E+03 0.148E+05
  670000 0.100E+01 0.112E+06 0.112E+06 0.000E+00 0.526E+02 0.143E+05
  671000 0.998E+00 0.112E+06 0.112E+06 0.000E+00 -.494E+03 0.145E+05
  672000 0.998E+00 0.112E+06 0.112E+06 0.000E+00 -.405E+02 0.148E+05
  673000 0.100E+01 0.112E+06 0.112E+06 0.000E+00 0.450E+03 0.145E+05
  674000 0.100E+01 0.112E+06 0.112E+06 0.000E+00 0.315E+03 0.146E+05
  675000 0.100E+01 0.112E+06 0.112E+06 0.000E+00 -.266E+03 0.142E+05
  676000 0.100E+01 0.112E+06 0.112E+06 0.000E+00 -.187E+03 0.140E+05
  677000 0.999E+00 0.112E+06 0.112E+06 0.000E+00 0.505E+03 0.146E+05
  678000 0.100E+01 0.112E+06 0.112E+06 0.000E+00 -.375E+03 0.142E+05
  679000 0.999E+00 0.112E+06 0.112E+06 0.000E+00 0.277E+03 0.141E+05
  680000 0.100E+01 0.112E+06 0.112E+06 0.000E+00 -.308E+03 0.145E+05
  681000 0.999E+00 0.112E+06 0.112E+06 0.000E+00 0.449E+03 0.142E+05
  682000 0.998E+00 0.112E+06 0.112E+06 0.000E+00 0.508E+02 0.138E+05
  683000 0.999E+00 0.112E+06 0.112E+06 0.000E+00 0.176E+03 0.143E+05
  684000 0.100E+01 0.112E+06 0.112E+06 0.000E+00 0.521E+03 0.140E+05
  685000 0.999E+00 0.112E+06 0.112E+06 0.000E+00 0.100E+03 0.147E+05
  686000 0.999E+00 0.112E+06 0.112E+06 0.000E+00 0.146E+03 0.144E+05
  687000 0.100E+01 0.112E+06 0.112E+06 0.000E+00 0.319E+03 0.143E+05
  688000 0.100E+01 0.112E+06 0.112E+06 0.000E+00 0.267E+03 0.147E+05
  689000 0.100E+01 0.112E+06 0.112E+06 0.000E+00 -.387E+01 0.146E+05
  690000 0.999E+00 0.112E+06 0.112E+06 0.000E+00 0.133E+03 0.147E+05
  691000 0.999E+00 0.112E+06 0.112E+06 0.000E+00 0.483E+03 0.148E+05
  692000 0.100E+01 0.112E+06 0.112E+06 0.000E+00 -.444E+03 0.141E+05
  693000 0.100E+01 0.112E+06 0.112E+06 0.000E+00 -.967E+00 0.141E+05
  694000 0.999E+00 0.112E+06 0.112E+06 0.000E+00 -.112E+03 0.141E+05
  695000 0.100E+01 0.112E+06 0.112E+06 0.000E+00 -.353E+03 0.146E+05
  696000 0.100E+01 0.112E+06 0.112E+06 0.000E+00 0.428E+03 0.142E+05
  697000 0.100E+01 0.112E+06 0.112E+06 0.000E+00 -.105E+03 0.140E+05
  698000 0.100E+01 0.112E+06 0.112E+06 0.000E+00 -.470E+03 0.140E+05
  699000 0.100E+01 0.112E+06 0.112E+06 0.000E+00 0.181E+03 0.143E+05
  700000 0.100E+01 0.112E+06 0.112E+06 0.000E+00 -.574E+02 0.143E+05
  701000 0.100E+01 0.112E+06 0.112E+06 0.000E+00 -.111E+02 0.141E+05
  702000 0.100E+01 0.112E+06 0.112E+06 0.000E+00 0.888E+02 0.144E+05
  703000 0.999E+00 0.112E+06 0.112E+06 0.000E+00 0.384E+03 0.138E+05
  704000 0.100E+01 0.112E+06 0.112E+06 0.000E+00 -.442E+03 0.140E+05
  705000 0.100E+01 0.112E+06 0.112E+06 0.000E+00 0.102E+02 0.137E+05
  706000 0.100E+01 0.112E+06 0.112E+06 0.000E+00 -.228E+03 0.140E+05
  707000 0.999E+00 0.112E+06 0.112E+06 0.000E+00 0.114E+03 0.144E+05
  708000 0.100E+01 0.112E+06 0.112E+06 0.000E+00 0.226E+03 0.149E+05
  709000 0.999E+00 0.112E+06 0.112E+06 0.000E+00 0.143E+03 0.147E+05
  710000 0.100E+01 0.113E+06 0.113E+06 0.000E+00 -.281E+03 0.143E+05
  711000 0.100E+01 0.112E+06 0.112E+06 0.000E+00 0.154E+02 0.141E+05
  712000 0.100E+01 0.112E+06 0.112E+06 0.000E+00 0.214E+03 0.141E+05
  713000 0.996E+00 0.112E+06 0.112E+06 0.000E+00 -.339E+03 0.140E+05
  714000 0.999E+00 0.112E+06 0.112E+06 0.000E+00 0.542E+03 0.131E+05
  715000 0.998E+00 0.112E+06 0.112E+06 0.000E+00 -.310E+03 0.135E+05
  716000 0.999E+00 0.112E+06 0.112E+06 0.000E+00 -.429E+03 0.137E+05
  717000 0.999E+00 0.112E+06 0.112E+06 0.000E+00 -.313E+03 0.139E+05
  718000 0.999E+00 0.112E+06 0.112E+06 0.000E+00 -.666E+02 0.140E+05
  719000 0.100E+01 0.112E+06 0.112E+06 0.000E+00 -.131E+03 0.136E+05
  720000 0.100E+01 0.112E+06 0.112E+06 0.000E+00 0.703E+03 0.142E+05
  721000 0.998E+00 0.112E+06 0.112E+06 0.000E+00 -.513E+03 0.142E+05
  722000 0.100E+01 0.112E+06 0.112E+06 0.000E+00 0.535E+03 0.141E+05
  723000 0.100E+01 0.112E+06 0.112E+06 0.000E+00 -.345E+03 0.138E+05
  724000 0.100E+01 0.112E+06 0.112E+06 0.000E+00 0.228E+03 0.137E+05
  725000 0.100E+01 0.112E+06 0.112E+06 0.000E+00 0.334E+03 0.139E+05
  726000 0.998E+00 0.112E+06 0.112E+06 0.000E+00 -.230E+03 0.139E+05
  727000 0.100E+01 0.112E+06 0.112E+06 0.000E+00 0.161E+01 0.139E+05
  728000 0.999E+00 0.112E+06 0.112E+06 0.000E+00 0.260E+03 0.142E+05
  729000 0.100E+01 0.112E+06 0.112E+06 0.000E+00 -.143E+03 0.141E+05
  730000 0.999E+00 0.112E+06 0.112E+06 0.000E+00 0.424E+02 0.141E+05
  731000 0.997E+00 0.112E+06 0.112E+06 0.000E+00 -.404E+03 0.142E+05
  732000 0.100E+01 0.112E+06 0.112E+06 0.000E+00 -.418E+03 0.144E+05
  733000 0.999E+00 0.112E+06 0.112E+06 0.000E+00 0.627E+03 0.147E+05
  734000 0.999E+00 0.112E+06 0.112E+06 0.000E+00 0.437E+02 0.147E+05
  735000 0.100E+01 0.112E+06 0.112E+06 0.000E+00 -.426E+02 0.141E+05
  736000 0.100E+01 0.112E+06 0.112E+06 0.000E+00 0.231E+03 0.136E+05
  737000 0.100E+01 0.112E+06 0.112E+06 0.000E+00 0.419E+03 0.140E+05
  738000 0.100E+01 0.112E+06 0.112E+06 0.000E+00 -.689E+03 0.133E+05
  739000 0.999E+00 0.112E+06 0.112E+06 0.000E+00 0.383E+03 0.129E+05
  740000 0.998E+00 0.112E+06 0.112E+06 0.000E+00 -.158E+03 0.136E+05
  741000 0.996E+00 0.112E+06 0.112E+06 0.000E+00 -.900E+02 0.141E+05
  742000 0.100E+01 0.112E+06 0.112E+06 0.000E+00 0.734E+02 0.137E+05
  743000 0.100E+01 0.112E+06 0.112E+06 0.000E+00 -.542E+03 0.136E+05
  744000 0.998E+00 0.112E+06 0.112E+06 0.000E+00 0.944E+02 0.136E+05
  745000 0.100E+01 0.112E+06 0.112E+06 0.000E+00 -.427E+03 0.140E+05
  746000 0.100E+01 0.112E+06 0.112E+06 0.000E+00 0.127E+03 0.137E+05
  747000 0.100E+01 0.112E+06 0.112E+06 0.000E+00 0.170E+03 0.142E+05
  748000 0.999E+00 0.112E+06 0.112E+06 0.000E+00 -.130E+03 0.139E+05
  749000 0.100E+01 0.112E+06 0.112E+06 0.000E+00 -.283E+03 0.142E+05
  750000 0.100E+01 0.112E+06 0.112E+06 0.000E+00 -.160E+03 0.142E+05
  751000 0.999E+00 0.112E+06 0.112E+06 0.000E+00 0.614E+02 0.144E+05
  752000 0.998E+00 0.112E+06 0.112E+06 0.000E+00 -.161E+03 0.147E+05
  753000 0.100E+01 0.112E+06 0.112E+06 0.000E+00 -.465E+02 0.143E+05
  754000 0.100E+01 0.112E+06 0.112E+06 0.000E+00 0.676E+02 0.146E+05
  755000 0.100E+01 0.112E+06 0.112E+06 0.000E+00 -.137E+03 0.138E+05
  756000 0.100E+01 0.112E+06 0.112E+06 0.000E+00 0.833E+03 0.139E+05
  757000 0.100E+01 0.112E+06 0.112E+06 0.000E+00 -.464E+03 0.139E+05
  758000 0.100E+01 0.112E+06 0.112E+06 0.000E+00 -.468E+02 0.141E+05
  759000 0.100E+01 0.112E+06 0.112E+06 0.000E+00 0.140E+03 0.138E+05
  760000 0.100E+01 0.112E+06 0.112E+06 0.000E+00 -.861E+02 0.135E+05
  761000 0.100E+01 0.112E+06 0.112E+06 0.000E+00 -.134E+01 0.144E+05
  762000 0.999E+00 0.112E+06 0.112E+06 0.000E+00 0.883E+02 0.144E+05
  763000 0.100E+01 0.113E+06 0.113E+06 0.000E+00 0.350E+03 0.143E+05
  764000 0.999E+00 0.112E+06 0.112E+06 0.000E+00 -.449E+03 0.148E+05
  765000 0.998E+00 0.112E+06 0.112E+06 0.000E+00 -.237E+02 0.148E+05
  766000 0.997E+00 0.112E+06 0.112E+06 0.000E+00 0.215E+03 0.148E+05
  767000 0.997E+00 0.112E+06 0.112E+06 0.000E+00 -.401E+03 0.145E+05
  768000 0.999E+00 0.112E+06 0.112E+06 0.000E+00 -.208E+03 0.145E+05
  769000 0.100E+01 0.112E+06 0.112E+06 0.000E+00 0.336E+03 0.141E+05
  770000 0.999E+00 0.112E+06 0.112E+06 0.000E+00 -.203E+03 0.140E+05
  771000 0.100E+01 0.113E+06 0.113E+06 0.000E+00 -.137E+03 0.140E+05
  772000 0.100E+01 0.112E+06 0.112E+06 0.000E+00 -.876E+02 0.140E+05
  773000 0.999E+00 0.112E+06 0.112E+06 0.000E+00 0.978E+02 0.139E+05
  774000 0.100E+01 0.112E+06 0.112E+06 0.000E+00 0.285E+03 0.141E+05
  775000 0.100E+01 0.112E+06 0.112E+06 0.000E+00 -.432E+03 0.137E+05
  776000 0.999E+00 0.112E+06 0.112E+06 0.000E+00 0.358E+03 0.141E+05
  777000 0.100E+01 0.112E+06 0.112E+06 0.000E+00 -.183E+03 0.142E+05
  778000 0.999E+00 0.112E+06 0.112E+06 0.000E+00 -.157E+03 0.145E+05
  779000 0.100E+01 0.112E+06 0.112E+06 0.000E+00 0.343E+03 0.145E+05
  780000 0.100E+01 0.112E+06 0.112E+06 0.000E+00 0.132E+03 0.141E+05
  781000 0.999E+00 0.112E+06 0.112E+06 0.000E+00 0.176E+03 0.143E+05
  782000 0.100E+01 0.112E+06 0.112E+06 0.000E+00 0.243E+03 0.139E+05
  783000 0.100E+01 0.112E+06 0.112E+06 0.000E+00 0.325E+03 0.145E+05
  784000 0.100E+01 0.112E+06 0.112E+06 0.000E+00 -.321E+03 0.141E+05
  785000 0.100E+01 0.112E+06 0.112E+06 0.000E+00 0.688E+03 0.143E+05
  786000 0.999E+00 0.112E+06 0.112E+06 0.000E+00 -.340E+03 0.137E+05
  787000 0.100E+01 0.112E+06 0.112E+06 0.000E+00 -.409E+02 0.137E+05
  788000 0.100E+01 0.112E+06 0.112E+06 0.000E+00 -.614E+02 0.139E+05
  789000 0.100E+01 0.112E+06 0.112E+06 0.000E+00 0.283E+02 0.143E+05
  790000 0.999E+00 0.112E+06 0.112E+06 0.000E+00 0.681E+03 0.145E+05
  791000 0.100E+01 0.112E+06 0.112E+06 0.000E+00 -.518E+03 0.145E+05
  792000 0.100E+01 0.112E+06 0.112E+06 0.000E+00 0.314E+03 0.144E+05
  793000 0.100E+01 0.112E+06 0.112E+06 0.000E+00 0.102E+03 0.141E+05
  794000 0.100E+01 0.112E+06 0.112E+06 0.000E+00 -.108E+03 0.142E+05
  795000 0.999E+00 0.112E+06 0.112E+06 0.000E+00 0.161E+03 0.139E+05
  796000 0.999E+00 0.112E+06 0.112E+06 0.000E+00 0.374E+03 0.139E+05
  797000 0.998E+00 0.112E+06 0.112E+06 0.000E+00 -.520E+03 0.138E+05
  798000 0.100E+01 0.112E+06 0.112E+06 0.000E+00 0.342E+01 0.139E+05
  799000 0.100E+01 0.112E+06 0.112E+06 0.000E+00 0.399E+03 0.140E+05
  800000 0.100E+01 0.112E+06 0.112E+06 0.000E+00 -.101E+04 0.138E+05
  801000 0.100E+01 0.112E+06 0.112E+06 0.000E+00 0.642E+03 0.141E+05
  802000 0.100E+01 0.112E+06 0.112E+06 0.000E+00 -.363E+03 0.140E+05
  803000 0.999E+00 0.112E+06 0.112E+06 0.000E+00 -.267E+03 0.144E+05
  804000 0.998E+00 0.112E+06 0.112E+06 0.000E+00 0.410E+03 0.143E+05
  805000 0.999E+00 0.112E+06 0.112E+06 0.000E+00 0.688E+03 0.143E+05
  806000 0.100E+01 0.112E+06 0.112E+06 0.000E+00 -.419E+03 0.142E+05
  807000 0.100E+01 0.112E+06 0.112E+06 0.000E+00 0.933E+02 0.139E+05
  808000 0.100E+01 0.112E+06 0.112E+06 0.000E+00 -.115E+03 0.136E+05
  809000 0.100E+01 0.112E+06 0.112E+06 0.000E+00 -.467E+03 0.140E+05
  810000 0.997E+00 0.112E+06 0.112E+06 0.000E+00 -.456E+02 0.139E+05
  811000 0.100E+01 0.113E+06 0.113E+06 0.000E+00 -.150E+03 0.140E+05
  812000 0.999E+00 0.112E+06 0.112E+06 0.000E+00 -.210E+03 0.141E+05
  813000 0.999E+00 0.112E+06 0.112E+06 0.000E+00 -.549E+03 0.143E+05
  814000 0.100E+01 0.112E+06 0.112E+06 0.000E+00 0.416E+03 0.140E+05
  815000 0.100E+01 0.112E+06 0.112E+06 0.000E+00 -.532E+03 0.140E+05
  816000 0.998E+00 0.112E+06 0.112E+06 0.000E+00 0.214E+03 0.143E+05
  817000 0.100E+01 0.112E+06 0.112E+06 0.000E+00 -.299E+03 0.144E+05
  818000 0.100E+01 0.112E+06 0.112E+06 0.000E+00 0.736E+02 0.146E+05
  819000 0.100E+01 0.112E+06 0.112E+06 0.000E+00 -.961E+02 0.143E+05
  820000 0.100E+01 0.112E+06 0.112E+06 0.000E+00 -.245E+03 0.139E+05
  821000 0.999E+00 0.112E+06 0.112E+06 0.000E+00 -.229E+03 0.136E+05
  822000 0.100E+01 0.113E+06 0.113E+06 0.000E+00 0.335E+03 0.138E+05
  823000 0.100E+01 0.112E+06 0.112E+06 0.000E+00 -.863E+03 0.139E+05
  824000 0.100E+01 0.112E+06 0.112E+06 0.000E+00 0.374E+03 0.133E+05
  825000 0.999E+00 0.112E+06 0.112E+06 0.000E+00 0.509E+02 0.138E+05
  826000 0.100E+01 0.113E+06 0.113E+06 0.000E+00 0.694E+03 0.136E+05
  827000 0.100E+01 0.112E+06 0.112E+06 0.000E+00 -.236E+03 0.142E+05
  828000 0.998E+00 0.112E+06 0.112E+06 0.000E+00 -.327E+03 0.138E+05
  829000 0.100E+01 0.112E+06 0.112E+06 0.000E+00 0.182E+03 0.144E+05
  830000 0.999E+00 0.112E+06 0.112E+06 0.000E+00 -.613E+03 0.141E+05
  831000 0.100E+01 0.112E+06 0.112E+06 0.000E+00 0.134E+03 0.143E+05
  832000 0.100E+01 0.112E+06 0.112E+06 0.000E+00 0.267E+03 0.142E+05
  833000 0.999E+00 0.112E+06 0.112E+06 0.000E+00 -.282E+03 0.145E+05
  834000 0.100E+01 0.112E+06 0.112E+06 0.000E+00 0.764E+02 0.141E+05
  835000 0.100E+01 0.112E+06 0.112E+06 0.000E+00 -.825E+01 0.148E+05
  836000 0.999E+00 0.112E+06 0.112E+06 0.000E+00 0.114E+03 0.146E+05
  837000 0.100E+01 0.112E+06 0.112E+06 0.000E+00 -.214E+02 0.142E+05
  838000 0.100E+01 0.112E+06 0.112E+06 0.000E+00 -.232E+03 0.143E+05
  839000 0.100E+01 0.112E+06 0.112E+06 0.000E+00 -.165E+03 0.141E+05
  840000 0.100E+01 0.112E+06 0.112E+06 0.000E+00 0.929E+02 0.139E+05
  841000 0.999E+00 0.112E+06 0.112E+06 0.000E+00 -.353E+03 0.137E+05
  842000 0.100E+01 0.112E+06 0.112E+06 0.000E+00 0.679E+03 0.141E+05
  843000 0.998E+00 0.112E+06 0.112E+06 0.000E+00 -.316E+03 0.141E+05
  844000 0.999E+00 0.112E+06 0.112E+06 0.000E+00 0.167E+03 0.140E+05
  845000 0.100E+01 0.112E+06 0.112E+06 0.000E+00 -.103E+03 0.137E+05
  846000 0.100E+01 0.112E+06 0.112E+06 0.000E+00 0.430E+03 0.140E+05
  847000 0.100E+01 0.112E+06 0.112E+06 0.000E+00 -.610E+02 0.142E+05
  848000 0.999E+00 0.112E+06 0.112E+06 0.000E+00 -.700E+02 0.142E+05
  849000 0.100E+01 0.112E+06 0.112E+06 0.000E+00 -.458E+03 0.142E+05
  850000 0.999E+00 0.112E+06 0.112E+06 0.000E+00 -.303E+03 0.138E+05
  851000 0.999E+00 0.112E+06 0.112E+06 0.000E+00 0.215E+03 0.140E+05
  852000 0.100E+01 0.112E+06 0.112E+06 0.000E+00 0.267E+03 0.141E+05
  853000 0.999E+00 0.112E+06 0.112E+06 0.000E+00 -.689E+03 0.137E+05
  854000 0.100E+01 0.112E+06 0.112E+06 0.000E+00 0.853E+03 0.143E+05
  855000 0.100E+01 0.112E+06 0.112E+06 0.000E+00 0.409E+03 0.138E+05
  856000 0.100E+01 0.113E+06 0.113E+06 0.000E+00 -.362E+03 0.137E+05
  857000 0.100E+01 0.112E+06 0.112E+06 0.000E+00 0.412E+03 0.136E+05
  858000 0.100E+01 0.112E+06 0.112E+06 0.000E+00 -.241E+03 0.139E+05
  859000 0.100E+01 0.112E+06 0.112E+06 0.000E+00 0.121E+03 0.136E+05
  860000 0.100E+01 0.112E+06 0.112E+06 0.000E+00 0.444E+03 0.134E+05
  861000 0.100E+01 0.112E+06 0.112E+06 0.000E+00 -.258E+03 0.137E+05
  862000 0.999E+00 0.112E+06 0.112E+06 0.000E+00 0.349E+03 0.137E+05
  863000 0.998E+00 0.112E+06 0.112E+06 0.000E+00 -.681E+02 0.143E+05
  864000 0.999E+00 0.112E+06 0.112E+06 0.000E+00 -.266E+03 0.138E+05
  865000 0.999E+00 0.112E+06 0.112E+06 0.000E+00 0.265E+03 0.143E+05
  866000 0.100E+01 0.112E+06 0.112E+06 0.000E+00 0.106E+03 0.136E+05
  867000 0.100E+01 0.112E+06 0.112E+06 0.000E+00 -.327E+03 0.137E+05
  868000 0.100E+01 0.113E+06 0.113E+06 0.000E+00 0.122E+03 0.131E+05
  869000 0.100E+01 0.112E+06 0.112E+06 0.000E+00 -.121E+03 0.140E+05
  870000 0.100E+01 0.112E+06 0.112E+06 0.000E+00 -.153E+03 0.136E+05
  871000 0.100E+01 0.112E+06 0.112E+06 0.000E+00 -.131E+03 0.136E+05
  872000 0.999E+00 0.112E+06 0.112E+06 0.000E+00 -.162E+03 0.137E+05
  873000 0.999E+00 0.112E+06 0.112E+06 0.000E+00 0.575E+03 0.141E+05
  874000 0.100E+01 0.112E+06 0.112E+06 0.000E+00 -.355E+03 0.137E+05
  875000 0.997E+00 0.112E+06 0.112E+06 0.000E+00 0.141E+03 0.140E+05
  876000 0.999E+00 0.112E+06 0.112E+06 0.000E+00 -.431E+03 0.141E+05
  877000 0.999E+00 0.112E+06 0.112E+06 0.000E+00 0.846E+03 0.142E+05
  878000 0.999E+00 0.112E+06 0.112E+06 0.000E+00 -.383E+03 0.141E+05
  879000 0.100E+01 0.112E+06 0.112E+06 0.000E+00 0.553E+02 0.145E+05
  880000 0.100E+01 0.112E+06 0.112E+06 0.000E+00 -.292E+03 0.141E+05
  881000 0.100E+01 0.112E+06 0.112E+06 0.000E+00 0.357E+03 0.143E+05
  882000 0.100E+01 0.112E+06 0.112E+06 0.000E+00 -.537E+03 0.141E+05
  883000 0.100E+01 0.112E+06 0.112E+06 0.000E+00 0.713E+03 0.138E+05
  884000 0.100E+01 0.112E+06 0.112E+06 0.000E+00 -.455E+03 0.135E+05
  885000 0.100E+01 0.112E+06 0.112E+06 0.000E+00 0.246E+02 0.132E+05
  886000 0.998E+00 0.112E+06 0.112E+06 0.000E+00 0.375E+03 0.131E+05
  887000 0.100E+01 0.112E+06 0.112E+06 0.000E+00 -.239E+03 0.130E+05
  888000 0.999E+00 0.112E+06 0.112E+06 0.000E+00 -.568E+03 0.137E+05
  889000 0.100E+01 0.112E+06 0.112E+06 0.000E+00 0.618E+03 0.134E+05
  890000 0.100E+01 0.112E+06 0.112E+06 0.000E+00 -.982E+02 0.138E+05
  891000 0.100E+01 0.112E+06 0.112E+06 0.000E+00 0.451E+02 0.135E+05
  892000 0.999E+00 0.112E+06 0.112E+06 0.000E+00 0.700E+03 0.139E+05
  893000 0.998E+00 0.112E+06 0.112E+06 0.000E+00 -.138E+03 0.143E+05
  894000 0.100E+01 0.112E+06 0.112E+06 0.000E+00 -.118E+03 0.138E+05
  895000 0.999E+00 0.112E+06 0.112E+06 0.000E+00 0.873E+02 0.146E+05
  896000 0.100E+01 0.112E+06 0.112E+06 0.000E+00 -.347E+03 0.142E+05
  897000 0.100E+01 0.112E+06 0.112E+06 0.000E+00 0.505E+03 0.147E+05
  898000 0.997E+00 0.112E+06 0.112E+06 0.000E+00 -.294E+03 0.144E+05
  899000 0.100E+01 0.113E+06 0.113E+06 0.000E+00 0.168E+03 0.141E+05
  900000 0.100E+01 0.112E+06 0.112E+06 0.000E+00 -.505E+03 0.135E+05
  901000 0.100E+01 0.112E+06 0.112E+06 0.000E+00 0.234E+03 0.134E+05
  902000 0.100E+01 0.112E+06 0.112E+06 0.000E+00 -.208E+03 0.137E+05
  903000 0.100E+01 0.112E+06 0.112E+06 0.000E+00 0.556E+03 0.140E+05
  904000 0.100E+01 0.112E+06 0.112E+06 0.000E+00 0.297E+03 0.136E+05
  905000 0.100E+01 0.112E+06 0.112E+06 0.000E+00 -.181E+03 0.135E+05
  906000 0.100E+01 0.112E+06 0.112E+06 0.000E+00 0.829E+02 0.142E+05
  907000 0.100E+01 0.112E+06 0.112E+06 0.000E+00 -.447E+03 0.146E+05
  908000 0.999E+00 0.112E+06 0.112E+06 0.000E+00 0.225E+03 0.144E+05
  909000 0.100E+01 0.112E+06 0.112E+06 0.000E+00 -.619E+03 0.142E+05
  910000 0.100E+01 0.112E+06 0.112E+06 0.000E+00 -.442E+02 0.141E+05
  911000 0.100E+01 0.112E+06 0.112E+06 0.000E+00 0.375E+02 0.144E+05
  912000 0.100E+01 0.112E+06 0.112E+06 0.000E+00 -.158E+02 0.147E+05
  913000 0.100E+01 0.112E+06 0.112E+06 0.000E+00 0.750E+03 0.145E+05
  914000 0.999E+00 0.112E+06 0.112E+06 0.000E+00 -.304E+02 0.144E+05
  915000 0.999E+00 0.112E+06 0.112E+06 0.000E+00 -.113E+03 0.147E+05
  916000 0.100E+01 0.112E+06 0.112E+06 0.000E+00 -.127E+03 0.148E+05
  917000 0.100E+01 0.112E+06 0.112E+06 0.000E+00 -.649E+03 0.145E+05
  918000 0.100E+01 0.112E+06 0.112E+06 0.000E+00 0.927E+02 0.147E+05
  919000 0.100E+01 0.112E+06 0.112E+06 0.000E+00 -.558E+03 0.143E+05
  920000 0.998E+00 0.112E+06 0.112E+06 0.000E+00 -.143E+03 0.143E+05
  921000 0.100E+01 0.112E+06 0.112E+06 0.000E+00 -.120E+03 0.143E+05
  922000 0.100E+01 0.112E+06 0.112E+06 0.000E+00 -.249E+03 0.142E+05
  923000 0.100E+01 0.113E+06 0.113E+06 0.000E+00 -.276E+03 0.142E+05
  924000 0.999E+00 0.112E+06 0.112E+06 0.000E+00 0.335E+03 0.145E+05
  925000 0.100E+01 0.112E+06 0.112E+06 0.000E+00 0.221E+02 0.144E+05
  926000 0.100E+01 0.112E+06 0.112E+06 0.000E+00 -.788E+02 0.146E+05
  927000 0.999E+00 0.112E+06 0.112E+06 0.000E+00 0.457E+02 0.145E+05
  928000 0.100E+01 0.112E+06 0.112E+06 0.000E+00 0.246E+03 0.146E+05
  929000 0.100E+01 0.112E+06 0.112E+06 0.000E+00 -.270E+03 0.139E+05
  930000 0.999E+00 0.112E+06 0.112E+06 0.000E+00 0.384E+02 0.146E+05
  931000 0.999E+00 0.112E+06 0.112E+06 0.000E+00 -.120E+03 0.143E+05
  932000 0.100E+01 0.112E+06 0.112E+06 0.000E+00 0.355E+03 0.141E+05
  933000 0.999E+00 0.112E+06 0.112E+06 0.000E+00 -.286E+02 0.143E+05
  934000 0.100E+01 0.112E+06 0.112E+06 0.000E+00 0.368E+03 0.143E+05
  935000 0.100E+01 0.112E+06 0.112E+06 0.000E+00 -.664E+03 0.147E+05
  936000 0.998E+00 0.112E+06 0.112E+06 0.000E+00 0.404E+03 0.145E+05
  937000 0.100E+01 0.113E+06 0.113E+06 0.000E+00 0.819E+02 0.145E+05
  938000 0.999E+00 0.112E+06 0.112E+06 0.000E+00 -.965E+03 0.145E+05
  939000 0.100E+01 0.112E+06 0.112E+06 0.000E+00 0.426E+03 0.143E+05
  940000 0.998E+00 0.112E+06 0.112E+06 0.000E+00 -.301E+03 0.138E+05
  941000 0.100E+01 0.112E+06 0.112E+06 0.000E+00 -.166E+03 0.137E+05
  942000 0.999E+00 0.112E+06 0.112E+06 0.000E+00 0.411E+03 0.141E+05
  943000 0.100E+01 0.112E+06 0.112E+06 0.000E+00 0.680E+02 0.140E+05
  944000 0.100E+01 0.112E+06 0.112E+06 0.000E+00 -.383E+03 0.145E+05
  945000 0.999E+00 0.112E+06 0.112E+06 0.000E+00 0.130E+03 0.142E+05
  946000 0.100E+01 0.112E+06 0.112E+06 0.000E+00 -.185E+03 0.139E+05
  947000 0.100E+01 0.112E+06 0.112E+06 0.000E+00 0.129E+03 0.140E+05
  948000 0.100E+01 0.112E+06 0.112E+06 0.000E+00 -.265E+03 0.137E+05
  949000 0.100E+01 0.112E+06 0.112E+06 0.000E+00 0.919E+02 0.135E+05
  950000 0.100E+01 0.112E+06 0.112E+06 0.000E+00 0.628E+02 0.141E+05
  951000 0.999E+00 0.112E+06 0.112E+06 0.000E+00 -.448E+03 0.140E+05
  952000 0.100E+01 0.112E+06 0.112E+06 0.000E+00 0.141E+03 0.140E+05
  953000 0.100E+01 0.112E+06 0.112E+06 0.000E+00 -.158E+03 0.142E+05
  954000 0.999E+00 0.112E+06 0.112E+06 0.000E+00 0.328E+03 0.141E+05
  955000 0.100E+01 0.112E+06 0.112E+06 0.000E+00 0.424E+03 0.146E+05
  956000 0.100E+01 0.112E+06 0.112E+06 0.000E+00 -.305E+03 0.147E+05
  957000 0.100E+01 0.112E+06 0.112E+06 0.000E+00 -.282E+03 0.145E+05
  958000 0.100E+01 0.112E+06 0.112E+06 0.000E+00 -.740E+02 0.143E+05
  959000 0.100E+01 0.112E+06 0.112E+06 0.000E+00 -.705E+02 0.143E+05
  960000 0.100E+01 0.112E+06 0.112E+06 0.000E+00 -.783E+02 0.141E+05
  961000 0.100E+01 0.113E+06 0.113E+06 0.000E+00 -.178E+03 0.144E+05
  962000 0.999E+00 0.112E+06 0.112E+06 0.000E+00 0.238E+03 0.145E+05
  963000 0.999E+00 0.112E+06 0.112E+06 0.000E+00 -.358E+03 0.142E+05
  964000 0.998E+00 0.112E+06 0.112E+06 0.000E+00 -.545E+02 0.142E+05
  965000 0.998E+00 0.112E+06 0.112E+06 0.000E+00 -.247E+03 0.148E+05
  966000 0.100E+01 0.112E+06 0.112E+06 0.000E+00 0.641E+02 0.143E+05
  967000 0.100E+01 0.112E+06 0.112E+06 0.000E+00 -.193E+03 0.153E+05
  968000 0.100E+01 0.112E+06 0.112E+06 0.000E+00 0.101E+03 0.149E+05
  969000 0.999E+00 0.112E+06 0.112E+06 0.000E+00 0.114E+02 0.147E+05
  970000 0.100E+01 0.112E+06 0.112E+06 0.000E+00 0.124E+03 0.144E+05
  971000 0.999E+00 0.112E+06 0.112E+06 0.000E+00 -.240E+03 0.142E+05
  972000 0.100E+01 0.112E+06 0.112E+06 0.000E+00 -.161E+03 0.144E+05
  973000 0.999E+00 0.112E+06 0.112E+06 0.000E+00 0.194E+03 0.143E+05
  974000 0.998E+00 0.112E+06 0.112E+06 0.000E+00 -.308E+03 0.142E+05
  975000 0.100E+01 0.112E+06 0.112E+06 0.000E+00 0.614E+01 0.146E+05
  976000 0.100E+01 0.112E+06 0.112E+06 0.000E+00 -.283E+03 0.147E+05
  977000 0.999E+00 0.112E+06 0.112E+06 0.000E+00 0.262E+03 0.147E+05
  978000 0.100E+01 0.112E+06 0.112E+06 0.000E+00 0.367E+03 0.147E+05
  979000 0.100E+01 0.112E+06 0.112E+06 0.000E+00 0.236E+03 0.143E+05
  980000 0.100E+01 0.112E+06 0.112E+06 0.000E+00 -.574E+03 0.145E+05
  981000 0.999E+00 0.112E+06 0.112E+06 0.000E+00 -.232E+03 0.149E+05
  982000 0.100E+01 0.112E+06 0.112E+06 0.000E+00 0.267E+03 0.150E+05
  983000 0.999E+00 0.112E+06 0.112E+06 0.000E+00 -.968E+02 0.147E+05
  984000 0.999E+00 0.112E+06 0.112E+06 0.000E+00 0.355E+03 0.146E+05
  985000 0.999E+00 0.112E+06 0.112E+06 0.000E+00 -.378E+03 0.152E+05
  986000 0.100E+01 0.112E+06 0.112E+06 0.000E+00 -.127E+03 0.154E+05
  987000 0.100E+01 0.112E+06 0.112E+06 0.000E+00 0.402E+03 0.142E+05
  988000 0.100E+01 0.112E+06 0.112E+06 0.000E+00 0.433E+03 0.145E+05
  989000 0.100E+01 0.112E+06 0.112E+06 0.000E+00 -.659E+02 0.144E+05
  990000 0.100E+01 0.112E+06 0.112E+06 0.000E+00 -.577E+03 0.143E+05
  991000 0.100E+01 0.112E+06 0.112E+06 0.000E+00 0.560E+03 0.144E+05
  992000 0.999E+00 0.112E+06 0.112E+06 0.000E+00 -.294E+03 0.143E+05
  993000 0.999E+00 0.112E+06 0.112E+06 0.000E+00 -.209E+03 0.138E+05
  994000 0.100E+01 0.113E+06 0.113E+06 0.000E+00 0.208E+03 0.137E+05
  995000 0.100E+01 0.112E+06 0.112E+06 0.000E+00 0.134E+03 0.142E+05
  996000 0.100E+01 0.112E+06 0.112E+06 0.000E+00 -.803E+03 0.143E+05
  997000 0.999E+00 0.112E+06 0.112E+06 0.000E+00 0.355E+03 0.141E+05
  998000 0.100E+01 0.112E+06 0.112E+06 0.000E+00 -.115E+03 0.141E+05
  999000 0.998E+00 0.112E+06 0.112E+06 0.000E+00 -.293E+03 0.139E+05
 1000000 0.100E+01 0.112E+06 0.112E+06 0.000E+00 0.636E+03 0.143E+05
