Iteration =   10000 CPU run time =    704.30 seconds
Iteration =   20000 CPU run time =   1408.37 seconds
Iteration =   30000 CPU run time =   2112.58 seconds
Iteration =   40000 CPU run time =   2816.73 seconds
Iteration =   50000 CPU run time =   3529.97 seconds
Iteration =   60000 CPU run time =   4243.39 seconds
Iteration =   70000 CPU run time =   4956.58 seconds
Iteration =   80000 CPU run time =   5669.69 seconds
Iteration =   90000 CPU run time =   6382.62 seconds
Iteration =  100000 CPU run time =   7094.76 seconds
Iteration =  110000 CPU run time =   7806.90 seconds
Iteration =  120000 CPU run time =   8519.06 seconds
Iteration =  130000 CPU run time =   9231.19 seconds
Iteration =  140000 CPU run time =   9943.36 seconds
Iteration =  150000 CPU run time =  10655.48 seconds
Iteration =  160000 CPU run time =  11367.63 seconds
Iteration =  170000 CPU run time =  12080.03 seconds
Iteration =  180000 CPU run time =  12792.66 seconds
Iteration =  190000 CPU run time =  13506.20 seconds
Iteration =  200000 CPU run time =  14220.23 seconds
Iteration =  210000 CPU run time =  14934.30 seconds
Iteration =  220000 CPU run time =  15647.88 seconds
Iteration =  230000 CPU run time =  16361.83 seconds
Iteration =  240000 CPU run time =  17075.68 seconds
Iteration =  250000 CPU run time =  17789.11 seconds
Iteration =  260000 CPU run time =  18502.57 seconds
Iteration =  270000 CPU run time =  19217.28 seconds
Iteration =  280000 CPU run time =  19930.93 seconds
Iteration =  290000 CPU run time =  20644.92 seconds
Iteration =  300000 CPU run time =  21358.33 seconds
Iteration =  310000 CPU run time =  22071.72 seconds
Iteration =  320000 CPU run time =  22785.17 seconds
Iteration =  330000 CPU run time =  23498.64 seconds
Iteration =  340000 CPU run time =  24212.12 seconds
Iteration =  350000 CPU run time =  24925.89 seconds
Iteration =  360000 CPU run time =  25639.96 seconds
Iteration =  370000 CPU run time =  26354.06 seconds
Iteration =  380000 CPU run time =  27068.19 seconds
Iteration =  390000 CPU run time =  27782.09 seconds
Iteration =  400000 CPU run time =  28495.66 seconds
Iteration =  410000 CPU run time =  29209.78 seconds
Iteration =  420000 CPU run time =  29923.64 seconds
Iteration =  430000 CPU run time =  30637.21 seconds
Iteration =  440000 CPU run time =  31350.72 seconds
Iteration =  450000 CPU run time =  32064.27 seconds
Iteration =  460000 CPU run time =  32777.77 seconds
Iteration =  470000 CPU run time =  33491.27 seconds
Iteration =  480000 CPU run time =  34204.82 seconds
Iteration =  490000 CPU run time =  34918.94 seconds
Iteration =  500000 CPU run time =  35633.01 seconds
Iteration =  510000 CPU run time =  36663.66 seconds
Iteration =  520000 CPU run time =  37694.35 seconds
Iteration =  530000 CPU run time =  38725.13 seconds
Iteration =  540000 CPU run time =  39755.88 seconds
Iteration =  550000 CPU run time =  40786.67 seconds
Iteration =  560000 CPU run time =  41817.35 seconds
Iteration =  570000 CPU run time =  42847.99 seconds
Iteration =  580000 CPU run time =  43878.65 seconds
Iteration =  590000 CPU run time =  44909.45 seconds
Iteration =  600000 CPU run time =  45940.12 seconds
Iteration =  610000 CPU run time =  46970.89 seconds
Iteration =  620000 CPU run time =  48001.64 seconds
Iteration =  630000 CPU run time =  49032.23 seconds
Iteration =  640000 CPU run time =  50062.93 seconds
Iteration =  650000 CPU run time =  51093.71 seconds
Iteration =  660000 CPU run time =  52124.44 seconds
Iteration =  670000 CPU run time =  53155.02 seconds
Iteration =  680000 CPU run time =  54185.75 seconds
Iteration =  690000 CPU run time =  55216.48 seconds
Iteration =  700000 CPU run time =  56247.31 seconds
Iteration =  710000 CPU run time =  57267.59 seconds
Iteration =  720000 CPU run time =  58295.48 seconds
Iteration =  730000 CPU run time =  59325.72 seconds
Iteration =  740000 CPU run time =  60356.18 seconds
Iteration =  750000 CPU run time =  61387.41 seconds
Iteration =  760000 CPU run time =  62419.27 seconds
Iteration =  770000 CPU run time =  63451.09 seconds
Iteration =  780000 CPU run time =  64482.55 seconds
Iteration =  790000 CPU run time =  65514.14 seconds
Iteration =  800000 CPU run time =  66545.61 seconds
Iteration =  810000 CPU run time =  67577.07 seconds
Iteration =  820000 CPU run time =  68608.88 seconds
Iteration =  830000 CPU run time =  69641.06 seconds
Iteration =  840000 CPU run time =  70672.75 seconds
Iteration =  850000 CPU run time =  71704.41 seconds
Iteration =  860000 CPU run time =  72735.96 seconds
Iteration =  870000 CPU run time =  73768.15 seconds
Iteration =  880000 CPU run time =  74799.47 seconds
Iteration =  890000 CPU run time =  75830.89 seconds
Iteration =  900000 CPU run time =  76862.38 seconds
Iteration =  910000 CPU run time =  77884.07 seconds
Iteration =  920000 CPU run time =  78906.01 seconds
Iteration =  930000 CPU run time =  79930.06 seconds
Iteration =  940000 CPU run time =  80961.65 seconds
Iteration =  950000 CPU run time =  81993.82 seconds
Iteration =  960000 CPU run time =  83025.42 seconds
Iteration =  970000 CPU run time =  84057.44 seconds
Iteration =  980000 CPU run time =  85089.33 seconds
Iteration =  990000 CPU run time =  86121.49 seconds
Iteration = 1000000 CPU run time =  87152.89 seconds
Total Elapsed CPU run time =  87152.96 seconds
