Iteration =   10000 CPU run time =    177.97 seconds
Iteration =   20000 CPU run time =    355.76 seconds
Iteration =   30000 CPU run time =    533.59 seconds
Iteration =   40000 CPU run time =    711.40 seconds
Iteration =   50000 CPU run time =    889.20 seconds
Iteration =   60000 CPU run time =   1067.01 seconds
Iteration =   70000 CPU run time =   1244.80 seconds
Iteration =   80000 CPU run time =   1422.59 seconds
Iteration =   90000 CPU run time =   1600.38 seconds
Iteration =  100000 CPU run time =   1778.22 seconds
Iteration =  110000 CPU run time =   1956.00 seconds
Iteration =  120000 CPU run time =   2133.80 seconds
Iteration =  130000 CPU run time =   2311.61 seconds
Iteration =  140000 CPU run time =   2489.40 seconds
Iteration =  150000 CPU run time =   2667.21 seconds
Iteration =  160000 CPU run time =   2845.20 seconds
Iteration =  170000 CPU run time =   3023.23 seconds
Iteration =  180000 CPU run time =   3201.24 seconds
Iteration =  190000 CPU run time =   3379.24 seconds
Iteration =  200000 CPU run time =   3557.24 seconds
Iteration =  210000 CPU run time =   3735.24 seconds
Iteration =  220000 CPU run time =   3913.23 seconds
Iteration =  230000 CPU run time =   4091.25 seconds
Iteration =  240000 CPU run time =   4269.24 seconds
Iteration =  250000 CPU run time =   4447.24 seconds
Iteration =  260000 CPU run time =   4625.37 seconds
Iteration =  270000 CPU run time =   4803.37 seconds
Iteration =  280000 CPU run time =   4981.38 seconds
Iteration =  290000 CPU run time =   5159.40 seconds
Iteration =  300000 CPU run time =   5337.41 seconds
Iteration =  310000 CPU run time =   5515.41 seconds
Iteration =  320000 CPU run time =   5693.43 seconds
Iteration =  330000 CPU run time =   5871.43 seconds
Iteration =  340000 CPU run time =   6049.45 seconds
Iteration =  350000 CPU run time =   6227.44 seconds
Iteration =  360000 CPU run time =   6405.33 seconds
Iteration =  370000 CPU run time =   6583.01 seconds
Iteration =  380000 CPU run time =   6760.68 seconds
Iteration =  390000 CPU run time =   6938.32 seconds
Iteration =  400000 CPU run time =   7116.00 seconds
Iteration =  410000 CPU run time =   7293.67 seconds
Iteration =  420000 CPU run time =   7471.33 seconds
Iteration =  430000 CPU run time =   7649.01 seconds
Iteration =  440000 CPU run time =   7826.66 seconds
Iteration =  450000 CPU run time =   8004.33 seconds
Iteration =  460000 CPU run time =   8181.98 seconds
Iteration =  470000 CPU run time =   8359.65 seconds
Iteration =  480000 CPU run time =   8537.30 seconds
Iteration =  490000 CPU run time =   8714.96 seconds
Iteration =  500000 CPU run time =   8892.65 seconds
Iteration =  510000 CPU run time =   9165.28 seconds
Iteration =  520000 CPU run time =   9437.87 seconds
Iteration =  530000 CPU run time =   9710.57 seconds
Iteration =  540000 CPU run time =   9983.19 seconds
Iteration =  550000 CPU run time =  10255.86 seconds
Iteration =  560000 CPU run time =  10528.39 seconds
Iteration =  570000 CPU run time =  10801.04 seconds
Iteration =  580000 CPU run time =  11073.83 seconds
Iteration =  590000 CPU run time =  11346.43 seconds
Iteration =  600000 CPU run time =  11619.12 seconds
Iteration =  610000 CPU run time =  11891.86 seconds
Iteration =  620000 CPU run time =  12164.58 seconds
Iteration =  630000 CPU run time =  12437.24 seconds
Iteration =  640000 CPU run time =  12709.90 seconds
Iteration =  650000 CPU run time =  12982.57 seconds
Iteration =  660000 CPU run time =  13255.42 seconds
Iteration =  670000 CPU run time =  13528.08 seconds
Iteration =  680000 CPU run time =  13800.69 seconds
Iteration =  690000 CPU run time =  14073.35 seconds
Iteration =  700000 CPU run time =  14346.08 seconds
Iteration =  710000 CPU run time =  14618.80 seconds
Iteration =  720000 CPU run time =  14891.41 seconds
Iteration =  730000 CPU run time =  15164.12 seconds
Iteration =  740000 CPU run time =  15436.80 seconds
Iteration =  750000 CPU run time =  15709.46 seconds
Iteration =  760000 CPU run time =  15982.10 seconds
Iteration =  770000 CPU run time =  16254.79 seconds
Iteration =  780000 CPU run time =  16527.48 seconds
Iteration =  790000 CPU run time =  16800.80 seconds
Iteration =  800000 CPU run time =  17073.45 seconds
Iteration =  810000 CPU run time =  17346.52 seconds
Iteration =  820000 CPU run time =  17619.38 seconds
Iteration =  830000 CPU run time =  17892.33 seconds
Iteration =  840000 CPU run time =  18165.35 seconds
Iteration =  850000 CPU run time =  18438.24 seconds
Iteration =  860000 CPU run time =  18711.23 seconds
Iteration =  870000 CPU run time =  18984.41 seconds
Iteration =  880000 CPU run time =  19257.52 seconds
Iteration =  890000 CPU run time =  19531.64 seconds
Iteration =  900000 CPU run time =  19804.68 seconds
Iteration =  910000 CPU run time =  20077.71 seconds
Iteration =  920000 CPU run time =  20350.77 seconds
Iteration =  930000 CPU run time =  20623.57 seconds
Iteration =  940000 CPU run time =  20896.55 seconds
Iteration =  950000 CPU run time =  21169.49 seconds
Iteration =  960000 CPU run time =  21442.47 seconds
Iteration =  970000 CPU run time =  21715.58 seconds
Iteration =  980000 CPU run time =  21988.58 seconds
Iteration =  990000 CPU run time =  22261.51 seconds
Iteration = 1000000 CPU run time =  22534.56 seconds
Total Elapsed CPU run time =  22534.59 seconds
