Iteration =   10000 CPU run time =    741.30 seconds
Iteration =   20000 CPU run time =   1483.11 seconds
Iteration =   30000 CPU run time =   2223.52 seconds
Iteration =   40000 CPU run time =   2964.58 seconds
Iteration =   50000 CPU run time =   3706.60 seconds
Iteration =   60000 CPU run time =   4448.62 seconds
Iteration =   70000 CPU run time =   5190.64 seconds
Iteration =   80000 CPU run time =   5932.63 seconds
Iteration =   90000 CPU run time =   6677.34 seconds
Iteration =  100000 CPU run time =   7428.49 seconds
Iteration =  110000 CPU run time =   8179.62 seconds
Iteration =  120000 CPU run time =   8930.78 seconds
Iteration =  130000 CPU run time =   9681.92 seconds
Iteration =  140000 CPU run time =  10430.84 seconds
Iteration =  150000 CPU run time =  11171.77 seconds
Iteration =  160000 CPU run time =  11912.09 seconds
Iteration =  170000 CPU run time =  12651.63 seconds
Iteration =  180000 CPU run time =  13391.13 seconds
Iteration =  190000 CPU run time =  14133.23 seconds
Iteration =  200000 CPU run time =  14876.07 seconds
Iteration =  210000 CPU run time =  15618.94 seconds
Iteration =  220000 CPU run time =  16361.80 seconds
Iteration =  230000 CPU run time =  17110.95 seconds
Iteration =  240000 CPU run time =  17861.67 seconds
Iteration =  250000 CPU run time =  18612.40 seconds
Iteration =  260000 CPU run time =  19363.09 seconds
Iteration =  270000 CPU run time =  20113.78 seconds
Iteration =  280000 CPU run time =  20864.51 seconds
Iteration =  290000 CPU run time =  21615.20 seconds
Iteration =  300000 CPU run time =  22365.99 seconds
Iteration =  310000 CPU run time =  23116.58 seconds
Iteration =  320000 CPU run time =  23867.18 seconds
Iteration =  330000 CPU run time =  24619.03 seconds
Iteration =  340000 CPU run time =  25362.90 seconds
Iteration =  350000 CPU run time =  26105.84 seconds
Iteration =  360000 CPU run time =  26848.60 seconds
Iteration =  370000 CPU run time =  27591.41 seconds
Iteration =  380000 CPU run time =  28334.15 seconds
Iteration =  390000 CPU run time =  29076.93 seconds
Iteration =  400000 CPU run time =  29819.70 seconds
Iteration =  410000 CPU run time =  30562.50 seconds
Iteration =  420000 CPU run time =  31305.31 seconds
Iteration =  430000 CPU run time =  32053.93 seconds
Iteration =  440000 CPU run time =  32805.38 seconds
Iteration =  450000 CPU run time =  33556.83 seconds
Iteration =  460000 CPU run time =  34308.32 seconds
Iteration =  470000 CPU run time =  35059.79 seconds
Iteration =  480000 CPU run time =  35811.23 seconds
Iteration =  490000 CPU run time =  36562.58 seconds
Iteration =  500000 CPU run time =  37313.97 seconds
Iteration =  510000 CPU run time =  38380.69 seconds
Iteration =  520000 CPU run time =  39447.39 seconds
Iteration =  530000 CPU run time =  40514.10 seconds
Iteration =  540000 CPU run time =  41580.71 seconds
Iteration =  550000 CPU run time =  42647.53 seconds
Iteration =  560000 CPU run time =  43714.36 seconds
Iteration =  570000 CPU run time =  44781.15 seconds
Iteration =  580000 CPU run time =  45847.70 seconds
Iteration =  590000 CPU run time =  46914.43 seconds
Iteration =  600000 CPU run time =  47981.38 seconds
Iteration =  610000 CPU run time =  49048.25 seconds
Iteration =  620000 CPU run time =  50114.94 seconds
Iteration =  630000 CPU run time =  51181.41 seconds
Iteration =  640000 CPU run time =  52248.21 seconds
Iteration =  650000 CPU run time =  53314.93 seconds
Iteration =  660000 CPU run time =  54381.61 seconds
Iteration =  670000 CPU run time =  55448.36 seconds
Iteration =  680000 CPU run time =  56515.14 seconds
Iteration =  690000 CPU run time =  57582.07 seconds
Iteration =  700000 CPU run time =  58648.95 seconds
Iteration =  710000 CPU run time =  59716.22 seconds
Iteration =  720000 CPU run time =  60783.58 seconds
Iteration =  730000 CPU run time =  61850.69 seconds
Iteration =  740000 CPU run time =  62918.00 seconds
Iteration =  750000 CPU run time =  63985.53 seconds
Iteration =  760000 CPU run time =  65052.97 seconds
Iteration =  770000 CPU run time =  66120.18 seconds
Iteration =  780000 CPU run time =  67187.49 seconds
Iteration =  790000 CPU run time =  68254.70 seconds
Iteration =  800000 CPU run time =  69321.15 seconds
Iteration =  810000 CPU run time =  70387.71 seconds
Iteration =  820000 CPU run time =  71454.63 seconds
Iteration =  830000 CPU run time =  72521.80 seconds
Iteration =  840000 CPU run time =  73589.37 seconds
Iteration =  850000 CPU run time =  74656.47 seconds
Iteration =  860000 CPU run time =  75723.87 seconds
Iteration =  870000 CPU run time =  76790.54 seconds
Iteration =  880000 CPU run time =  77857.77 seconds
Iteration =  890000 CPU run time =  78924.04 seconds
Iteration =  900000 CPU run time =  79991.06 seconds
Iteration =  910000 CPU run time =  81058.73 seconds
Iteration =  920000 CPU run time =  82125.65 seconds
Iteration =  930000 CPU run time =  83192.14 seconds
Iteration =  940000 CPU run time =  84255.84 seconds
Iteration =  950000 CPU run time =  85321.23 seconds
Iteration =  960000 CPU run time =  86388.22 seconds
Iteration =  970000 CPU run time =  87455.34 seconds
Iteration =  980000 CPU run time =  88522.27 seconds
Iteration =  990000 CPU run time =  89589.05 seconds
Iteration = 1000000 CPU run time =  90656.19 seconds
Total Elapsed CPU run time =  90656.26 seconds
